<?xml version="1.0" encoding="UTF-8"?>
<coverage generated="1746135102030" clover="3.2.0">
  <project timestamp="1746135102030" name="All files">
    <metrics statements="316" coveredstatements="307" conditionals="105" coveredconditionals="88" methods="56" coveredmethods="55" elements="477" coveredelements="450" complexity="0" loc="316" ncloc="316" packages="2" files="4" classes="4"/>
    <package name="game-logic">
      <metrics statements="188" coveredstatements="188" conditionals="54" coveredconditionals="54" methods="34" coveredmethods="34"/>
      <file name="moves.ts" path="C:\Users\mathe\Documents\Projet Perso\azul\src\game-logic\moves.ts">
        <metrics statements="42" coveredstatements="42" conditionals="26" coveredconditionals="26" methods="10" coveredmethods="10"/>
        <line num="10" count="2" type="stmt"/>
        <line num="12" count="16" type="cond" truecount="1" falsecount="0"/>
        <line num="13" count="1" type="stmt"/>
        <line num="16" count="15" type="cond" truecount="2" falsecount="0"/>
        <line num="18" count="11" type="stmt"/>
        <line num="19" count="11" type="cond" truecount="1" falsecount="0"/>
        <line num="22" count="11" type="stmt"/>
        <line num="25" count="6" type="stmt"/>
        <line num="36" count="2" type="stmt"/>
        <line num="38" count="35" type="cond" truecount="1" falsecount="0"/>
        <line num="39" count="1" type="stmt"/>
        <line num="43" count="34" type="stmt"/>
        <line num="44" count="34" type="cond" truecount="1" falsecount="0"/>
        <line num="47" count="33" type="cond" truecount="1" falsecount="0"/>
        <line num="48" count="1" type="stmt"/>
        <line num="52" count="32" type="cond" truecount="3" falsecount="0"/>
        <line num="53" count="4" type="stmt"/>
        <line num="56" count="28" type="stmt"/>
        <line num="57" count="28" type="stmt"/>
        <line num="60" count="28" type="cond" truecount="1" falsecount="0"/>
        <line num="63" count="27" type="cond" truecount="3" falsecount="0"/>
        <line num="64" count="1" type="stmt"/>
        <line num="68" count="26" type="cond" truecount="1" falsecount="0"/>
        <line num="69" count="2" type="stmt"/>
        <line num="73" count="24" type="stmt"/>
        <line num="74" count="24" type="stmt"/>
        <line num="75" count="116" type="cond" truecount="2" falsecount="0"/>
        <line num="78" count="24" type="stmt"/>
        <line num="87" count="2" type="stmt"/>
        <line num="88" count="15" type="cond" truecount="1" falsecount="0"/>
        <line num="90" count="13" type="stmt"/>
        <line num="91" count="13" type="cond" truecount="1" falsecount="0"/>
        <line num="93" count="11" type="stmt"/>
        <line num="96" count="11" type="stmt"/>
        <line num="97" count="33" type="stmt"/>
        <line num="100" count="33" type="cond" truecount="4" falsecount="0"/>
        <line num="103" count="11" type="stmt"/>
        <line num="104" count="11" type="stmt"/>
        <line num="105" count="45" type="cond" truecount="2" falsecount="0"/>
        <line num="109" count="11" type="cond" truecount="1" falsecount="0"/>
        <line num="110" count="6" type="stmt"/>
        <line num="116" count="5" type="stmt"/>
      </file>
      <file name="scoring.ts" path="C:\Users\mathe\Documents\Projet Perso\azul\src\game-logic\scoring.ts">
        <metrics statements="86" coveredstatements="86" conditionals="24" coveredconditionals="24" methods="14" coveredmethods="14"/>
        <line num="7" count="1" type="stmt"/>
        <line num="16" count="1" type="stmt"/>
        <line num="17" count="7" type="stmt"/>
        <line num="18" count="7" type="stmt"/>
        <line num="21" count="7" type="stmt"/>
        <line num="22" count="7" type="cond" truecount="2" falsecount="0"/>
        <line num="23" count="2" type="stmt"/>
        <line num="25" count="5" type="stmt"/>
        <line num="30" count="7" type="stmt"/>
        <line num="31" count="9" type="cond" truecount="2" falsecount="0"/>
        <line num="32" count="2" type="stmt"/>
        <line num="34" count="7" type="stmt"/>
        <line num="39" count="7" type="stmt"/>
        <line num="40" count="6" type="cond" truecount="2" falsecount="0"/>
        <line num="41" count="2" type="stmt"/>
        <line num="43" count="4" type="stmt"/>
        <line num="48" count="7" type="stmt"/>
        <line num="49" count="8" type="cond" truecount="2" falsecount="0"/>
        <line num="50" count="1" type="stmt"/>
        <line num="52" count="7" type="stmt"/>
        <line num="57" count="7" type="cond" truecount="3" falsecount="0"/>
        <line num="58" count="4" type="stmt"/>
        <line num="62" count="3" type="stmt"/>
        <line num="63" count="3" type="cond" truecount="1" falsecount="0"/>
        <line num="64" count="2" type="stmt"/>
        <line num="66" count="3" type="cond" truecount="1" falsecount="0"/>
        <line num="67" count="2" type="stmt"/>
        <line num="70" count="3" type="stmt"/>
        <line num="78" count="1" type="stmt"/>
        <line num="79" count="8" type="stmt"/>
        <line num="80" count="8" type="stmt"/>
        <line num="83" count="8" type="stmt"/>
        <line num="85" count="22" type="stmt"/>
        <line num="88" count="8" type="stmt"/>
        <line num="91" count="8" type="stmt"/>
        <line num="93" count="8" type="stmt"/>
        <line num="102" count="1" type="stmt"/>
        <line num="106" count="7" type="stmt"/>
        <line num="107" count="7" type="stmt"/>
        <line num="108" count="7" type="stmt"/>
        <line num="110" count="7" type="stmt"/>
        <line num="112" count="35" type="cond" truecount="3" falsecount="0"/>
        <line num="113" count="3" type="stmt"/>
        <line num="114" count="3" type="stmt"/>
        <line num="117" count="5" type="stmt"/>
        <line num="119" count="3" type="cond" truecount="3" falsecount="0"/>
        <line num="121" count="3" type="stmt"/>
        <line num="124" count="3" type="stmt"/>
        <line num="127" count="3" type="stmt"/>
        <line num="128" count="3" type="stmt"/>
        <line num="131" count="3" type="stmt"/>
        <line num="132" count="3" type="stmt"/>
        <line num="138" count="7" type="stmt"/>
        <line num="140" count="7" type="stmt"/>
        <line num="148" count="1" type="stmt"/>
        <line num="149" count="4" type="stmt"/>
        <line num="150" count="4" type="stmt"/>
        <line num="152" count="4" type="stmt"/>
        <line num="154" count="5" type="stmt"/>
        <line num="155" count="5" type="stmt"/>
        <line num="156" count="5" type="stmt"/>
        <line num="159" count="5" type="stmt"/>
        <line num="160" count="5" type="stmt"/>
        <line num="162" count="5" type="stmt"/>
        <line num="166" count="4" type="stmt"/>
        <line num="171" count="4" type="stmt"/>
        <line num="179" count="1" type="stmt"/>
        <line num="180" count="14" type="stmt"/>
        <line num="182" count="14" type="stmt"/>
        <line num="183" count="16" type="stmt"/>
        <line num="184" count="16" type="stmt"/>
        <line num="187" count="16" type="stmt"/>
        <line num="188" count="164" type="cond" truecount="1" falsecount="0"/>
        <line num="189" count="15" type="stmt"/>
        <line num="194" count="80" type="stmt"/>
        <line num="195" count="162" type="cond" truecount="1" falsecount="0"/>
        <line num="196" count="12" type="stmt"/>
        <line num="201" count="16" type="stmt"/>
        <line num="202" count="16" type="stmt"/>
        <line num="204" count="16" type="stmt"/>
        <line num="205" count="80" type="stmt"/>
        <line num="207" count="2000" type="cond" truecount="2" falsecount="0"/>
        <line num="210" count="80" type="cond" truecount="1" falsecount="0"/>
        <line num="211" count="11" type="stmt"/>
        <line num="216" count="16" type="stmt"/>
        <line num="225" count="14" type="stmt"/>
      </file>
      <file name="setup.ts" path="C:\Users\mathe\Documents\Projet Perso\azul\src\game-logic\setup.ts">
        <metrics statements="60" coveredstatements="60" conditionals="4" coveredconditionals="4" methods="10" coveredmethods="10"/>
        <line num="7" count="1" type="stmt"/>
        <line num="8" count="1531" type="stmt"/>
        <line num="15" count="1" type="stmt"/>
        <line num="16" count="14" type="stmt"/>
        <line num="17" count="14" type="stmt"/>
        <line num="20" count="14" type="stmt"/>
        <line num="21" count="70" type="stmt"/>
        <line num="22" count="1400" type="stmt"/>
        <line num="29" count="14" type="stmt"/>
        <line num="36" count="1" type="stmt"/>
        <line num="38" count="33" type="stmt"/>
        <line num="39" count="33" type="stmt"/>
        <line num="40" count="165" type="stmt"/>
        <line num="48" count="33" type="stmt"/>
        <line num="49" count="33" type="stmt"/>
        <line num="51" count="33" type="stmt"/>
        <line num="52" count="165" type="stmt"/>
        <line num="54" count="165" type="stmt"/>
        <line num="56" count="165" type="stmt"/>
        <line num="57" count="825" type="stmt"/>
        <line num="64" count="165" type="stmt"/>
        <line num="67" count="33" type="stmt"/>
        <line num="81" count="1" type="stmt"/>
        <line num="82" count="32" type="stmt"/>
        <line num="95" count="1" type="stmt"/>
        <line num="96" count="20" type="stmt"/>
        <line num="97" count="20" type="stmt"/>
        <line num="98" count="1370" type="stmt"/>
        <line num="99" count="1370" type="stmt"/>
        <line num="101" count="20" type="stmt"/>
        <line num="109" count="1" type="stmt"/>
        <line num="110" count="16" type="stmt"/>
        <line num="111" count="16" type="stmt"/>
        <line num="113" count="16" type="stmt"/>
        <line num="114" count="96" type="stmt"/>
        <line num="120" count="16" type="stmt"/>
        <line num="128" count="1" type="stmt"/>
        <line num="130" count="17" type="stmt"/>
        <line num="131" count="17" type="stmt"/>
        <line num="134" count="17" type="stmt"/>
        <line num="135" count="95" type="cond" truecount="1" falsecount="0"/>
        <line num="137" count="6" type="stmt"/>
        <line num="138" count="6" type="stmt"/>
        <line num="141" count="6" type="stmt"/>
        <line num="145" count="95" type="stmt"/>
        <line num="146" count="95" type="stmt"/>
        <line num="147" count="95" type="stmt"/>
        <line num="150" count="17" type="stmt"/>
        <line num="158" count="1" type="stmt"/>
        <line num="160" count="15" type="cond" truecount="3" falsecount="0"/>
        <line num="161" count="2" type="stmt"/>
        <line num="165" count="13" type="stmt"/>
        <line num="166" count="13" type="stmt"/>
        <line num="167" count="31" type="stmt"/>
        <line num="171" count="13" type="stmt"/>
        <line num="174" count="13" type="stmt"/>
        <line num="177" count="13" type="stmt"/>
        <line num="180" count="13" type="stmt"/>
        <line num="193" count="13" type="stmt"/>
        <line num="195" count="13" type="stmt"/>
      </file>
    </package>
    <package name="game-logic.ai">
      <metrics statements="128" coveredstatements="119" conditionals="51" coveredconditionals="34" methods="22" coveredmethods="21"/>
      <file name="aiPlayer.ts" path="C:\Users\mathe\Documents\Projet Perso\azul\src\game-logic\ai\aiPlayer.ts">
        <metrics statements="128" coveredstatements="119" conditionals="51" coveredconditionals="34" methods="22" coveredmethods="21"/>
        <line num="2" count="1" type="stmt"/>
        <line num="30" count="1" type="stmt"/>
        <line num="31" count="6" type="stmt"/>
        <line num="32" count="6" type="cond" truecount="0" falsecount="1"/>
        <line num="33" count="0" type="stmt"/>
        <line num="36" count="6" type="cond" truecount="3" falsecount="1"/>
        <line num="38" count="3" type="stmt"/>
        <line num="40" count="2" type="stmt"/>
        <line num="42" count="1" type="stmt"/>
        <line num="44" count="0" type="stmt"/>
        <line num="55" count="1" type="stmt"/>
        <line num="56" count="3" type="stmt"/>
        <line num="58" count="3" type="cond" truecount="1" falsecount="0"/>
        <line num="59" count="1" type="stmt"/>
        <line num="63" count="2" type="stmt"/>
        <line num="64" count="2" type="stmt"/>
        <line num="65" count="2" type="stmt"/>
        <line num="68" count="2" type="cond" truecount="0" falsecount="1"/>
        <line num="69" count="0" type="stmt"/>
        <line num="76" count="2" type="stmt"/>
        <line num="78" count="2" type="stmt"/>
        <line num="90" count="1" type="stmt"/>
        <line num="91" count="2" type="stmt"/>
        <line num="93" count="2" type="cond" truecount="0" falsecount="1"/>
        <line num="94" count="0" type="stmt"/>
        <line num="97" count="2" type="stmt"/>
        <line num="98" count="2" type="stmt"/>
        <line num="101" count="4" type="stmt"/>
        <line num="102" count="2" type="stmt"/>
        <line num="103" count="2" type="stmt"/>
        <line num="105" count="7" type="stmt"/>
        <line num="106" count="7" type="stmt"/>
        <line num="108" count="7" type="cond" truecount="1" falsecount="0"/>
        <line num="109" count="2" type="stmt"/>
        <line num="110" count="2" type="stmt"/>
        <line num="119" count="2" type="cond" truecount="1" falsecount="1"/>
        <line num="128" count="1" type="stmt"/>
        <line num="129" count="1" type="stmt"/>
        <line num="131" count="1" type="cond" truecount="0" falsecount="1"/>
        <line num="132" count="0" type="stmt"/>
        <line num="135" count="1" type="stmt"/>
        <line num="136" count="1" type="stmt"/>
        <line num="139" count="2" type="stmt"/>
        <line num="140" count="1" type="stmt"/>
        <line num="141" count="1" type="stmt"/>
        <line num="143" count="6" type="stmt"/>
        <line num="144" count="6" type="stmt"/>
        <line num="146" count="6" type="cond" truecount="1" falsecount="0"/>
        <line num="147" count="1" type="stmt"/>
        <line num="148" count="1" type="stmt"/>
        <line num="157" count="1" type="cond" truecount="1" falsecount="1"/>
        <line num="165" count="1" type="stmt"/>
        <line num="166" count="6" type="stmt"/>
        <line num="169" count="6" type="stmt"/>
        <line num="170" count="6" type="cond" truecount="0" falsecount="1"/>
        <line num="173" count="13" type="stmt"/>
        <line num="175" count="6" type="stmt"/>
        <line num="176" count="7" type="cond" truecount="1" falsecount="0"/>
        <line num="177" count="7" type="stmt"/>
        <line num="183" count="6" type="cond" truecount="1" falsecount="0"/>
        <line num="184" count="2" type="stmt"/>
        <line num="186" count="1" type="stmt"/>
        <line num="187" count="2" type="cond" truecount="1" falsecount="0"/>
        <line num="188" count="2" type="stmt"/>
        <line num="193" count="6" type="stmt"/>
        <line num="203" count="1" type="stmt"/>
        <line num="204" count="5" type="cond" truecount="1" falsecount="1"/>
        <line num="205" count="11" type="cond" truecount="4" falsecount="2"/>
        <line num="206" count="0" type="stmt"/>
        <line num="216" count="1" type="stmt"/>
        <line num="217" count="5" type="cond" truecount="0" falsecount="1"/>
        <line num="220" count="5" type="cond" truecount="1" falsecount="0"/>
        <line num="221" count="1" type="stmt"/>
        <line num="224" count="4" type="stmt"/>
        <line num="227" count="4" type="stmt"/>
        <line num="228" count="20" type="cond" truecount="1" falsecount="0"/>
        <line num="229" count="20" type="stmt"/>
        <line num="234" count="4" type="stmt"/>
        <line num="236" count="4" type="stmt"/>
        <line num="247" count="1" type="stmt"/>
        <line num="249" count="13" type="cond" truecount="1" falsecount="0"/>
        <line num="250" count="3" type="stmt"/>
        <line num="253" count="10" type="stmt"/>
        <line num="254" count="10" type="stmt"/>
        <line num="255" count="10" type="stmt"/>
        <line num="258" count="10" type="stmt"/>
        <line num="261" count="10" type="cond" truecount="1" falsecount="0"/>
        <line num="262" count="5" type="stmt"/>
        <line num="265" count="5" type="cond" truecount="1" falsecount="0"/>
        <line num="266" count="3" type="stmt"/>
        <line num="267" count="6" type="stmt"/>
        <line num="269" count="3" type="cond" truecount="1" falsecount="0"/>
        <line num="271" count="3" type="stmt"/>
        <line num="272" count="3" type="stmt"/>
        <line num="275" count="3" type="stmt"/>
        <line num="281" count="10" type="cond" truecount="1" falsecount="0"/>
        <line num="282" count="10" type="stmt"/>
        <line num="286" count="10" type="cond" truecount="3" falsecount="0"/>
        <line num="287" count="5" type="stmt"/>
        <line num="290" count="10" type="stmt"/>
        <line num="300" count="1" type="stmt"/>
        <line num="301" count="3" type="stmt"/>
        <line num="302" count="3" type="stmt"/>
        <line num="303" count="3" type="stmt"/>
        <line num="306" count="3" type="stmt"/>
        <line num="307" count="2" type="cond" truecount="1" falsecount="1"/>
        <line num="308" count="2" type="stmt"/>
        <line num="310" count="3" type="stmt"/>
        <line num="311" count="5" type="cond" truecount="2" falsecount="0"/>
        <line num="312" count="3" type="stmt"/>
        <line num="316" count="3" type="stmt"/>
        <line num="317" count="2" type="cond" truecount="1" falsecount="1"/>
        <line num="318" count="2" type="stmt"/>
        <line num="320" count="3" type="stmt"/>
        <line num="321" count="5" type="cond" truecount="2" falsecount="0"/>
        <line num="322" count="3" type="stmt"/>
        <line num="325" count="3" type="stmt"/>
        <line num="336" count="1" type="stmt"/>
        <line num="337" count="3" type="stmt"/>
        <line num="338" count="3" type="stmt"/>
        <line num="341" count="15" type="cond" truecount="0" falsecount="1"/>
        <line num="342" count="0" type="stmt"/>
        <line num="346" count="15" type="cond" truecount="0" falsecount="1"/>
        <line num="347" count="0" type="stmt"/>
        <line num="351" count="75" type="cond" truecount="2" falsecount="0"/>
        <line num="352" count="3" type="cond" truecount="0" falsecount="1"/>
        <line num="353" count="0" type="stmt"/>
        <line num="356" count="3" type="stmt"/>
      </file>
    </package>
  </project>
</coverage>
