{"C:\\Users\\mathe\\Documents\\Projet Perso\\azul\\src\\game-logic\\moves.ts": {"path":"C:\\Users\\mathe\\Documents\\Projet Perso\\azul\\src\\game-logic\\moves.ts","statementMap":{"0":{"start":{"line":10,"column":30},"end":{"line":27,"column":1}},"1":{"start":{"line":12,"column":2},"end":{"line":14,"column":3}},"2":{"start":{"line":13,"column":4},"end":{"line":13,"column":17}},"3":{"start":{"line":16,"column":2},"end":{"line":26,"column":3}},"4":{"start":{"line":18,"column":20},"end":{"line":18,"column":69}},"5":{"start":{"line":18,"column":50},"end":{"line":18,"column":69}},"6":{"start":{"line":19,"column":4},"end":{"line":19,"column":31}},"7":{"start":{"line":19,"column":18},"end":{"line":19,"column":31}},"8":{"start":{"line":22,"column":4},"end":{"line":22,"column":54}},"9":{"start":{"line":22,"column":35},"end":{"line":22,"column":53}},"10":{"start":{"line":25,"column":4},"end":{"line":25,"column":57}},"11":{"start":{"line":25,"column":38},"end":{"line":25,"column":56}},"12":{"start":{"line":10,"column":13},"end":{"line":10,"column":30}},"13":{"start":{"line":36,"column":29},"end":{"line":79,"column":1}},"14":{"start":{"line":38,"column":2},"end":{"line":40,"column":3}},"15":{"start":{"line":39,"column":4},"end":{"line":39,"column":17}},"16":{"start":{"line":43,"column":24},"end":{"line":43,"column":85}},"17":{"start":{"line":43,"column":52},"end":{"line":43,"column":85}},"18":{"start":{"line":44,"column":2},"end":{"line":44,"column":35}},"19":{"start":{"line":44,"column":22},"end":{"line":44,"column":35}},"20":{"start":{"line":47,"column":2},"end":{"line":49,"column":3}},"21":{"start":{"line":48,"column":4},"end":{"line":48,"column":16}},"22":{"start":{"line":52,"column":2},"end":{"line":54,"column":3}},"23":{"start":{"line":53,"column":4},"end":{"line":53,"column":17}},"24":{"start":{"line":56,"column":22},"end":{"line":56,"column":72}},"25":{"start":{"line":57,"column":21},"end":{"line":57,"column":37}},"26":{"start":{"line":60,"column":2},"end":{"line":60,"column":32}},"27":{"start":{"line":60,"column":19},"end":{"line":60,"column":32}},"28":{"start":{"line":63,"column":2},"end":{"line":65,"column":3}},"29":{"start":{"line":64,"column":4},"end":{"line":64,"column":17}},"30":{"start":{"line":68,"column":2},"end":{"line":70,"column":3}},"31":{"start":{"line":69,"column":4},"end":{"line":69,"column":17}},"32":{"start":{"line":73,"column":18},"end":{"line":73,"column":60}},"33":{"start":{"line":74,"column":29},"end":{"line":75,"column":null}},"34":{"start":{"line":75,"column":13},"end":{"line":75,"column":null}},"35":{"start":{"line":78,"column":2},"end":{"line":78,"column":29}},"36":{"start":{"line":36,"column":13},"end":{"line":36,"column":29}},"37":{"start":{"line":87,"column":36},"end":{"line":117,"column":1}},"38":{"start":{"line":88,"column":2},"end":{"line":88,"column":47}},"39":{"start":{"line":88,"column":34},"end":{"line":88,"column":47}},"40":{"start":{"line":90,"column":24},"end":{"line":90,"column":85}},"41":{"start":{"line":90,"column":52},"end":{"line":90,"column":85}},"42":{"start":{"line":91,"column":2},"end":{"line":91,"column":35}},"43":{"start":{"line":91,"column":22},"end":{"line":91,"column":35}},"44":{"start":{"line":93,"column":16},"end":{"line":93,"column":38}},"45":{"start":{"line":96,"column":2},"end":{"line":113,"column":3}},"46":{"start":{"line":96,"column":15},"end":{"line":96,"column":16}},"47":{"start":{"line":97,"column":17},"end":{"line":97,"column":52}},"48":{"start":{"line":100,"column":4},"end":{"line":112,"column":5}},"49":{"start":{"line":103,"column":22},"end":{"line":103,"column":49}},"50":{"start":{"line":104,"column":33},"end":{"line":105,"column":null}},"51":{"start":{"line":105,"column":17},"end":{"line":105,"column":null}},"52":{"start":{"line":109,"column":6},"end":{"line":111,"column":7}},"53":{"start":{"line":110,"column":8},"end":{"line":110,"column":21}},"54":{"start":{"line":116,"column":2},"end":{"line":116,"column":14}},"55":{"start":{"line":87,"column":13},"end":{"line":87,"column":36}}},"fnMap":{"0":{"name":"(anonymous_0)","decl":{"start":{"line":10,"column":30},"end":{"line":10,"column":31}},"loc":{"start":{"line":10,"column":95},"end":{"line":27,"column":1}}},"1":{"name":"(anonymous_1)","decl":{"start":{"line":18,"column":45},"end":{"line":18,"column":46}},"loc":{"start":{"line":18,"column":46},"end":{"line":18,"column":51}}},"2":{"name":"(anonymous_2)","decl":{"start":{"line":22,"column":30},"end":{"line":22,"column":31}},"loc":{"start":{"line":22,"column":31},"end":{"line":22,"column":36}}},"3":{"name":"(anonymous_3)","decl":{"start":{"line":25,"column":33},"end":{"line":25,"column":34}},"loc":{"start":{"line":25,"column":34},"end":{"line":25,"column":39}}},"4":{"name":"(anonymous_4)","decl":{"start":{"line":36,"column":29},"end":{"line":36,"column":30}},"loc":{"start":{"line":36,"column":99},"end":{"line":79,"column":1}}},"5":{"name":"(anonymous_5)","decl":{"start":{"line":43,"column":47},"end":{"line":43,"column":48}},"loc":{"start":{"line":43,"column":48},"end":{"line":43,"column":53}}},"6":{"name":"(anonymous_6)","decl":{"start":{"line":75,"column":4},"end":{"line":75,"column":9}},"loc":{"start":{"line":75,"column":9},"end":{"line":75,"column":18}}},"7":{"name":"(anonymous_7)","decl":{"start":{"line":87,"column":36},"end":{"line":87,"column":37}},"loc":{"start":{"line":87,"column":80},"end":{"line":117,"column":1}}},"8":{"name":"(anonymous_8)","decl":{"start":{"line":90,"column":47},"end":{"line":90,"column":48}},"loc":{"start":{"line":90,"column":48},"end":{"line":90,"column":53}}},"9":{"name":"(anonymous_9)","decl":{"start":{"line":105,"column":8},"end":{"line":105,"column":13}},"loc":{"start":{"line":105,"column":13},"end":{"line":105,"column":22}}}},"branchMap":{"0":{"loc":{"start":{"line":12,"column":2},"end":{"line":14,"column":3}},"type":"if","locations":[{"start":{"line":12,"column":2},"end":{"line":14,"column":3}}]},"1":{"loc":{"start":{"line":16,"column":2},"end":{"line":26,"column":3}},"type":"if","locations":[{"start":{"line":16,"column":2},"end":{"line":26,"column":3}},{"start":{"line":23,"column":9},"end":{"line":26,"column":3}}]},"2":{"loc":{"start":{"line":19,"column":4},"end":{"line":19,"column":31}},"type":"if","locations":[{"start":{"line":19,"column":4},"end":{"line":19,"column":31}}]},"3":{"loc":{"start":{"line":38,"column":2},"end":{"line":40,"column":3}},"type":"if","locations":[{"start":{"line":38,"column":2},"end":{"line":40,"column":3}}]},"4":{"loc":{"start":{"line":44,"column":2},"end":{"line":44,"column":35}},"type":"if","locations":[{"start":{"line":44,"column":2},"end":{"line":44,"column":35}}]},"5":{"loc":{"start":{"line":47,"column":2},"end":{"line":49,"column":3}},"type":"if","locations":[{"start":{"line":47,"column":2},"end":{"line":49,"column":3}}]},"6":{"loc":{"start":{"line":52,"column":2},"end":{"line":54,"column":3}},"type":"if","locations":[{"start":{"line":52,"column":2},"end":{"line":54,"column":3}}]},"7":{"loc":{"start":{"line":52,"column":6},"end":{"line":52,"column":89}},"type":"binary-expr","locations":[{"start":{"line":52,"column":6},"end":{"line":52,"column":26}},{"start":{"line":52,"column":30},"end":{"line":52,"column":89}}]},"8":{"loc":{"start":{"line":60,"column":2},"end":{"line":60,"column":32}},"type":"if","locations":[{"start":{"line":60,"column":2},"end":{"line":60,"column":32}}]},"9":{"loc":{"start":{"line":63,"column":2},"end":{"line":65,"column":3}},"type":"if","locations":[{"start":{"line":63,"column":2},"end":{"line":65,"column":3}}]},"10":{"loc":{"start":{"line":63,"column":6},"end":{"line":63,"column":74}},"type":"binary-expr","locations":[{"start":{"line":63,"column":6},"end":{"line":63,"column":32}},{"start":{"line":63,"column":36},"end":{"line":63,"column":74}}]},"11":{"loc":{"start":{"line":68,"column":2},"end":{"line":70,"column":3}},"type":"if","locations":[{"start":{"line":68,"column":2},"end":{"line":70,"column":3}}]},"12":{"loc":{"start":{"line":75,"column":13},"end":{"line":75,"column":61}},"type":"binary-expr","locations":[{"start":{"line":75,"column":13},"end":{"line":75,"column":45}},{"start":{"line":75,"column":49},"end":{"line":75,"column":61}}]},"13":{"loc":{"start":{"line":88,"column":2},"end":{"line":88,"column":47}},"type":"if","locations":[{"start":{"line":88,"column":2},"end":{"line":88,"column":47}}]},"14":{"loc":{"start":{"line":91,"column":2},"end":{"line":91,"column":35}},"type":"if","locations":[{"start":{"line":91,"column":2},"end":{"line":91,"column":35}}]},"15":{"loc":{"start":{"line":100,"column":4},"end":{"line":112,"column":5}},"type":"if","locations":[{"start":{"line":100,"column":4},"end":{"line":112,"column":5}}]},"16":{"loc":{"start":{"line":100,"column":8},"end":{"line":101,"column":53}},"type":"binary-expr","locations":[{"start":{"line":100,"column":8},"end":{"line":100,"column":39}},{"start":{"line":101,"column":9},"end":{"line":101,"column":28}},{"start":{"line":101,"column":32},"end":{"line":101,"column":52}}]},"17":{"loc":{"start":{"line":105,"column":17},"end":{"line":105,"column":54}},"type":"binary-expr","locations":[{"start":{"line":105,"column":17},"end":{"line":105,"column":38}},{"start":{"line":105,"column":42},"end":{"line":105,"column":54}}]},"18":{"loc":{"start":{"line":109,"column":6},"end":{"line":111,"column":7}},"type":"if","locations":[{"start":{"line":109,"column":6},"end":{"line":111,"column":7}}]}},"s":{"0":1,"1":7,"2":1,"3":6,"4":4,"5":3,"6":4,"7":2,"8":2,"9":3,"10":2,"11":3,"12":1,"13":1,"14":14,"15":1,"16":13,"17":13,"18":13,"19":1,"20":12,"21":1,"22":11,"23":4,"24":7,"25":7,"26":7,"27":1,"28":6,"29":1,"30":5,"31":2,"32":3,"33":3,"34":11,"35":3,"36":1,"37":1,"38":10,"39":2,"40":8,"41":8,"42":8,"43":2,"44":6,"45":6,"46":6,"47":24,"48":24,"49":7,"50":7,"51":25,"52":7,"53":2,"54":4,"55":1},"f":{"0":7,"1":3,"2":3,"3":3,"4":14,"5":13,"6":11,"7":10,"8":8,"9":25},"b":{"0":[1],"1":[4,2],"2":[2],"3":[1],"4":[1],"5":[1],"6":[4],"7":[11,9],"8":[1],"9":[1],"10":[6,3],"11":[2],"12":[11,3],"13":[2],"14":[2],"15":[7],"16":[24,8,1],"17":[25,7],"18":[2]}}
,"C:\\Users\\mathe\\Documents\\Projet Perso\\azul\\src\\game-logic\\scoring.ts": {"path":"C:\\Users\\mathe\\Documents\\Projet Perso\\azul\\src\\game-logic\\scoring.ts","statementMap":{"0":{"start":{"line":7,"column":24},"end":{"line":7,"column":52}},"1":{"start":{"line":16,"column":43},"end":{"line":71,"column":1}},"2":{"start":{"line":17,"column":24},"end":{"line":17,"column":25}},"3":{"start":{"line":18,"column":22},"end":{"line":18,"column":23}},"4":{"start":{"line":21,"column":2},"end":{"line":27,"column":3}},"5":{"start":{"line":21,"column":15},"end":{"line":21,"column":22}},"6":{"start":{"line":22,"column":4},"end":{"line":26,"column":5}},"7":{"start":{"line":23,"column":6},"end":{"line":23,"column":24}},"8":{"start":{"line":25,"column":6},"end":{"line":25,"column":12}},"9":{"start":{"line":30,"column":2},"end":{"line":36,"column":3}},"10":{"start":{"line":30,"column":15},"end":{"line":30,"column":22}},"11":{"start":{"line":31,"column":4},"end":{"line":35,"column":5}},"12":{"start":{"line":32,"column":6},"end":{"line":32,"column":24}},"13":{"start":{"line":34,"column":6},"end":{"line":34,"column":12}},"14":{"start":{"line":39,"column":2},"end":{"line":45,"column":3}},"15":{"start":{"line":39,"column":15},"end":{"line":39,"column":22}},"16":{"start":{"line":40,"column":4},"end":{"line":44,"column":5}},"17":{"start":{"line":41,"column":6},"end":{"line":41,"column":22}},"18":{"start":{"line":43,"column":6},"end":{"line":43,"column":12}},"19":{"start":{"line":48,"column":2},"end":{"line":54,"column":3}},"20":{"start":{"line":48,"column":15},"end":{"line":48,"column":22}},"21":{"start":{"line":49,"column":4},"end":{"line":53,"column":5}},"22":{"start":{"line":50,"column":6},"end":{"line":50,"column":22}},"23":{"start":{"line":52,"column":6},"end":{"line":52,"column":12}},"24":{"start":{"line":57,"column":2},"end":{"line":59,"column":3}},"25":{"start":{"line":58,"column":4},"end":{"line":58,"column":13}},"26":{"start":{"line":62,"column":19},"end":{"line":62,"column":20}},"27":{"start":{"line":63,"column":2},"end":{"line":65,"column":3}},"28":{"start":{"line":64,"column":4},"end":{"line":64,"column":38}},"29":{"start":{"line":66,"column":2},"end":{"line":68,"column":3}},"30":{"start":{"line":67,"column":4},"end":{"line":67,"column":36}},"31":{"start":{"line":70,"column":2},"end":{"line":70,"column":20}},"32":{"start":{"line":16,"column":13},"end":{"line":16,"column":43}},"33":{"start":{"line":78,"column":35},"end":{"line":94,"column":1}},"34":{"start":{"line":79,"column":21},"end":{"line":79,"column":37}},"35":{"start":{"line":80,"column":25},"end":{"line":80,"column":61}},"36":{"start":{"line":83,"column":18},"end":{"line":85,"column":47}},"37":{"start":{"line":85,"column":30},"end":{"line":85,"column":45}},"38":{"start":{"line":88,"column":2},"end":{"line":88,"column":79}},"39":{"start":{"line":91,"column":2},"end":{"line":91,"column":37}},"40":{"start":{"line":93,"column":2},"end":{"line":93,"column":23}},"41":{"start":{"line":78,"column":13},"end":{"line":78,"column":35}},"42":{"start":{"line":102,"column":44},"end":{"line":141,"column":1}},"43":{"start":{"line":106,"column":21},"end":{"line":106,"column":37}},"44":{"start":{"line":107,"column":20},"end":{"line":107,"column":21}},"45":{"start":{"line":108,"column":31},"end":{"line":108,"column":33}},"46":{"start":{"line":110,"column":2},"end":{"line":135,"column":5}},"47":{"start":{"line":112,"column":4},"end":{"line":134,"column":5}},"48":{"start":{"line":113,"column":22},"end":{"line":113,"column":56}},"49":{"start":{"line":114,"column":20},"end":{"line":114,"column":30}},"50":{"start":{"line":117,"column":23},"end":{"line":117,"column":72}},"51":{"start":{"line":117,"column":50},"end":{"line":117,"column":72}},"52":{"start":{"line":119,"column":6},"end":{"line":133,"column":7}},"53":{"start":{"line":121,"column":8},"end":{"line":121,"column":40}},"54":{"start":{"line":124,"column":8},"end":{"line":124,"column":92}},"55":{"start":{"line":127,"column":42},"end":{"line":127,"column":52}},"56":{"start":{"line":127,"column":23},"end":{"line":127,"column":28}},"57":{"start":{"line":127,"column":38},"end":{"line":127,"column":42}},"58":{"start":{"line":128,"column":8},"end":{"line":128,"column":60}},"59":{"start":{"line":131,"column":8},"end":{"line":131,"column":24}},"60":{"start":{"line":132,"column":8},"end":{"line":132,"column":26}},"61":{"start":{"line":138,"column":2},"end":{"line":138,"column":43}},"62":{"start":{"line":140,"column":2},"end":{"line":140,"column":51}},"63":{"start":{"line":102,"column":13},"end":{"line":102,"column":44}},"64":{"start":{"line":148,"column":36},"end":{"line":172,"column":1}},"65":{"start":{"line":149,"column":24},"end":{"line":149,"column":43}},"66":{"start":{"line":150,"column":34},"end":{"line":150,"column":36}},"67":{"start":{"line":152,"column":2},"end":{"line":163,"column":5}},"68":{"start":{"line":155,"column":6},"end":{"line":155,"column":60}},"69":{"start":{"line":154,"column":33},"end":{"line":154,"column":35}},"70":{"start":{"line":154,"column":49},"end":{"line":154,"column":null}},"71":{"start":{"line":156,"column":4},"end":{"line":156,"column":66}},"72":{"start":{"line":159,"column":20},"end":{"line":159,"column":57}},"73":{"start":{"line":160,"column":4},"end":{"line":160,"column":62}},"74":{"start":{"line":162,"column":4},"end":{"line":162,"column":46}},"75":{"start":{"line":166,"column":2},"end":{"line":169,"column":4}},"76":{"start":{"line":171,"column":2},"end":{"line":171,"column":26}},"77":{"start":{"line":148,"column":13},"end":{"line":148,"column":36}},"78":{"start":{"line":179,"column":36},"end":{"line":226,"column":1}},"79":{"start":{"line":180,"column":24},"end":{"line":180,"column":43}},"80":{"start":{"line":182,"column":2},"end":{"line":223,"column":5}},"81":{"start":{"line":183,"column":21},"end":{"line":183,"column":22}},"82":{"start":{"line":184,"column":17},"end":{"line":184,"column":34}},"83":{"start":{"line":187,"column":4},"end":{"line":191,"column":5}},"84":{"start":{"line":187,"column":19},"end":{"line":187,"column":20}},"85":{"start":{"line":188,"column":6},"end":{"line":190,"column":7}},"86":{"start":{"line":188,"column":35},"end":{"line":188,"column":48}},"87":{"start":{"line":189,"column":8},"end":{"line":189,"column":24}},"88":{"start":{"line":195,"column":6},"end":{"line":197,"column":7}},"89":{"start":{"line":195,"column":28},"end":{"line":195,"column":44}},"90":{"start":{"line":196,"column":8},"end":{"line":196,"column":24}},"91":{"start":{"line":194,"column":4},"end":{"line":198,"column":null}},"92":{"start":{"line":194,"column":19},"end":{"line":194,"column":20}},"93":{"start":{"line":194,"column":13},"end":{"line":194,"column":19}},"94":{"start":{"line":201,"column":24},"end":{"line":201,"column":25}},"95":{"start":{"line":202,"column":32},"end":{"line":202,"column":74}},"96":{"start":{"line":204,"column":4},"end":{"line":213,"column":7}},"97":{"start":{"line":205,"column":25},"end":{"line":208,"column":15}},"98":{"start":{"line":207,"column":25},"end":{"line":207,"column":63}},"99":{"start":{"line":210,"column":6},"end":{"line":212,"column":7}},"100":{"start":{"line":211,"column":8},"end":{"line":211,"column":25}},"101":{"start":{"line":216,"column":4},"end":{"line":220,"column":null}},"102":{"start":{"line":225,"column":2},"end":{"line":225,"column":26}},"103":{"start":{"line":179,"column":13},"end":{"line":179,"column":36}}},"fnMap":{"0":{"name":"(anonymous_3)","decl":{"start":{"line":16,"column":43},"end":{"line":16,"column":44}},"loc":{"start":{"line":16,"column":88},"end":{"line":71,"column":1}}},"1":{"name":"(anonymous_4)","decl":{"start":{"line":78,"column":35},"end":{"line":78,"column":36}},"loc":{"start":{"line":78,"column":50},"end":{"line":94,"column":1}}},"2":{"name":"(anonymous_5)","decl":{"start":{"line":85,"column":12},"end":{"line":85,"column":13}},"loc":{"start":{"line":85,"column":25},"end":{"line":85,"column":33}}},"3":{"name":"(anonymous_6)","decl":{"start":{"line":102,"column":44},"end":{"line":102,"column":null}},"loc":{"start":{"line":104,"column":22},"end":{"line":141,"column":1}}},"4":{"name":"(anonymous_7)","decl":{"start":{"line":110,"column":43},"end":{"line":110,"column":44}},"loc":{"start":{"line":110,"column":58},"end":{"line":135,"column":3}}},"5":{"name":"(anonymous_8)","decl":{"start":{"line":117,"column":41},"end":{"line":117,"column":46}},"loc":{"start":{"line":117,"column":46},"end":{"line":117,"column":55}}},"6":{"name":"(anonymous_9)","decl":{"start":{"line":148,"column":36},"end":{"line":148,"column":37}},"loc":{"start":{"line":148,"column":57},"end":{"line":172,"column":1}}},"7":{"name":"(anonymous_10)","decl":{"start":{"line":152,"column":58},"end":{"line":152,"column":64}},"loc":{"start":{"line":152,"column":64},"end":{"line":163,"column":3}}},"8":{"name":"(anonymous_11)","decl":{"start":{"line":179,"column":36},"end":{"line":179,"column":37}},"loc":{"start":{"line":179,"column":57},"end":{"line":226,"column":1}}},"9":{"name":"(anonymous_12)","decl":{"start":{"line":182,"column":58},"end":{"line":182,"column":64}},"loc":{"start":{"line":182,"column":64},"end":{"line":223,"column":3}}},"10":{"name":"(anonymous_13)","decl":{"start":{"line":188,"column":26},"end":{"line":188,"column":31}},"loc":{"start":{"line":188,"column":31},"end":{"line":188,"column":40}}},"11":{"name":"(anonymous_15)","decl":{"start":{"line":195,"column":21},"end":{"line":195,"column":24}},"loc":{"start":{"line":195,"column":24},"end":{"line":195,"column":31}}},"12":{"name":"(anonymous_16)","decl":{"start":{"line":204,"column":19},"end":{"line":204,"column":24}},"loc":{"start":{"line":204,"column":24},"end":{"line":213,"column":5}}},"13":{"name":"(anonymous_17)","decl":{"start":{"line":207,"column":16},"end":{"line":207,"column":21}},"loc":{"start":{"line":207,"column":21},"end":{"line":207,"column":30}}}},"branchMap":{"0":{"loc":{"start":{"line":22,"column":4},"end":{"line":26,"column":5}},"type":"if","locations":[{"start":{"line":22,"column":4},"end":{"line":26,"column":5}},{"start":{"line":24,"column":11},"end":{"line":26,"column":5}}]},"1":{"loc":{"start":{"line":31,"column":4},"end":{"line":35,"column":5}},"type":"if","locations":[{"start":{"line":31,"column":4},"end":{"line":35,"column":5}},{"start":{"line":33,"column":11},"end":{"line":35,"column":5}}]},"2":{"loc":{"start":{"line":40,"column":4},"end":{"line":44,"column":5}},"type":"if","locations":[{"start":{"line":40,"column":4},"end":{"line":44,"column":5}},{"start":{"line":42,"column":11},"end":{"line":44,"column":5}}]},"3":{"loc":{"start":{"line":49,"column":4},"end":{"line":53,"column":5}},"type":"if","locations":[{"start":{"line":49,"column":4},"end":{"line":53,"column":5}},{"start":{"line":51,"column":11},"end":{"line":53,"column":5}}]},"4":{"loc":{"start":{"line":57,"column":2},"end":{"line":59,"column":3}},"type":"if","locations":[{"start":{"line":57,"column":2},"end":{"line":59,"column":3}}]},"5":{"loc":{"start":{"line":57,"column":6},"end":{"line":57,"column":50}},"type":"binary-expr","locations":[{"start":{"line":57,"column":6},"end":{"line":57,"column":27}},{"start":{"line":57,"column":31},"end":{"line":57,"column":50}}]},"6":{"loc":{"start":{"line":63,"column":2},"end":{"line":65,"column":3}},"type":"if","locations":[{"start":{"line":63,"column":2},"end":{"line":65,"column":3}}]},"7":{"loc":{"start":{"line":66,"column":2},"end":{"line":68,"column":3}},"type":"if","locations":[{"start":{"line":66,"column":2},"end":{"line":68,"column":3}}]},"8":{"loc":{"start":{"line":112,"column":4},"end":{"line":134,"column":5}},"type":"if","locations":[{"start":{"line":112,"column":4},"end":{"line":134,"column":5}}]},"9":{"loc":{"start":{"line":112,"column":8},"end":{"line":112,"column":55}},"type":"binary-expr","locations":[{"start":{"line":112,"column":8},"end":{"line":112,"column":41}},{"start":{"line":112,"column":45},"end":{"line":112,"column":55}}]},"10":{"loc":{"start":{"line":119,"column":6},"end":{"line":133,"column":7}},"type":"if","locations":[{"start":{"line":119,"column":6},"end":{"line":133,"column":7}}]},"11":{"loc":{"start":{"line":119,"column":10},"end":{"line":119,"column":54}},"type":"binary-expr","locations":[{"start":{"line":119,"column":10},"end":{"line":119,"column":25}},{"start":{"line":119,"column":29},"end":{"line":119,"column":54}}]},"12":{"loc":{"start":{"line":188,"column":6},"end":{"line":190,"column":7}},"type":"if","locations":[{"start":{"line":188,"column":6},"end":{"line":190,"column":7}}]},"13":{"loc":{"start":{"line":195,"column":6},"end":{"line":197,"column":7}},"type":"if","locations":[{"start":{"line":195,"column":6},"end":{"line":197,"column":7}}]},"14":{"loc":{"start":{"line":207,"column":25},"end":{"line":207,"column":62}},"type":"binary-expr","locations":[{"start":{"line":207,"column":25},"end":{"line":207,"column":46}},{"start":{"line":207,"column":50},"end":{"line":207,"column":62}}]},"15":{"loc":{"start":{"line":210,"column":6},"end":{"line":212,"column":7}},"type":"if","locations":[{"start":{"line":210,"column":6},"end":{"line":212,"column":7}}]}},"s":{"0":1,"1":1,"2":7,"3":7,"4":7,"5":7,"6":7,"7":2,"8":5,"9":7,"10":7,"11":9,"12":2,"13":7,"14":7,"15":7,"16":6,"17":2,"18":4,"19":7,"20":7,"21":8,"22":1,"23":7,"24":7,"25":4,"26":3,"27":3,"28":2,"29":3,"30":2,"31":3,"32":1,"33":1,"34":8,"35":8,"36":8,"37":22,"38":8,"39":8,"40":8,"41":1,"42":1,"43":7,"44":7,"45":7,"46":7,"47":35,"48":3,"49":3,"50":3,"51":5,"52":3,"53":3,"54":3,"55":3,"56":3,"57":3,"58":3,"59":3,"60":3,"61":7,"62":7,"63":1,"64":1,"65":4,"66":4,"67":4,"68":5,"69":5,"70":5,"71":5,"72":5,"73":5,"74":5,"75":4,"76":4,"77":1,"78":1,"79":14,"80":14,"81":16,"82":16,"83":16,"84":16,"85":80,"86":164,"87":15,"88":80,"89":162,"90":12,"91":16,"92":16,"93":80,"94":16,"95":16,"96":16,"97":80,"98":2000,"99":80,"100":11,"101":16,"102":14,"103":1},"f":{"0":7,"1":8,"2":22,"3":7,"4":35,"5":5,"6":4,"7":5,"8":14,"9":16,"10":164,"11":162,"12":80,"13":2000},"b":{"0":[2,5],"1":[2,7],"2":[2,4],"3":[1,7],"4":[4],"5":[7,5],"6":[2],"7":[2],"8":[3],"9":[35,3],"10":[3],"11":[3,3],"12":[15],"13":[12],"14":[2000,400],"15":[11]}}
,"C:\\Users\\mathe\\Documents\\Projet Perso\\azul\\src\\game-logic\\setup.ts": {"path":"C:\\Users\\mathe\\Documents\\Projet Perso\\azul\\src\\game-logic\\setup.ts","statementMap":{"0":{"start":{"line":7,"column":26},"end":{"line":9,"column":1}},"1":{"start":{"line":8,"column":2},"end":{"line":8,"column":53}},"2":{"start":{"line":7,"column":13},"end":{"line":7,"column":26}},"3":{"start":{"line":15,"column":27},"end":{"line":30,"column":1}},"4":{"start":{"line":16,"column":30},"end":{"line":16,"column":72}},"5":{"start":{"line":17,"column":24},"end":{"line":17,"column":26}},"6":{"start":{"line":20,"column":2},"end":{"line":27,"column":5}},"7":{"start":{"line":21,"column":4},"end":{"line":26,"column":5}},"8":{"start":{"line":21,"column":17},"end":{"line":21,"column":18}},"9":{"start":{"line":22,"column":6},"end":{"line":25,"column":9}},"10":{"start":{"line":29,"column":2},"end":{"line":29,"column":15}},"11":{"start":{"line":15,"column":13},"end":{"line":15,"column":27}},"12":{"start":{"line":36,"column":33},"end":{"line":73,"column":1}},"13":{"start":{"line":38,"column":38},"end":{"line":38,"column":40}},"14":{"start":{"line":39,"column":2},"end":{"line":45,"column":3}},"15":{"start":{"line":39,"column":15},"end":{"line":39,"column":16}},"16":{"start":{"line":40,"column":4},"end":{"line":44,"column":7}},"17":{"start":{"line":48,"column":30},"end":{"line":48,"column":32}},"18":{"start":{"line":49,"column":30},"end":{"line":49,"column":72}},"19":{"start":{"line":51,"column":2},"end":{"line":65,"column":3}},"20":{"start":{"line":51,"column":17},"end":{"line":51,"column":18}},"21":{"start":{"line":52,"column":33},"end":{"line":52,"column":35}},"22":{"start":{"line":54,"column":23},"end":{"line":54,"column":73}},"23":{"start":{"line":56,"column":4},"end":{"line":63,"column":5}},"24":{"start":{"line":56,"column":19},"end":{"line":56,"column":20}},"25":{"start":{"line":57,"column":6},"end":{"line":62,"column":9}},"26":{"start":{"line":64,"column":4},"end":{"line":64,"column":23}},"27":{"start":{"line":67,"column":2},"end":{"line":72,"column":4}},"28":{"start":{"line":36,"column":13},"end":{"line":36,"column":33}},"29":{"start":{"line":81,"column":28},"end":{"line":87,"column":1}},"30":{"start":{"line":82,"column":2},"end":{"line":86,"column":4}},"31":{"start":{"line":81,"column":13},"end":{"line":81,"column":28}},"32":{"start":{"line":95,"column":23},"end":{"line":102,"column":1}},"33":{"start":{"line":96,"column":14},"end":{"line":96,"column":27}},"34":{"start":{"line":97,"column":2},"end":{"line":100,"column":3}},"35":{"start":{"line":97,"column":15},"end":{"line":97,"column":32}},"36":{"start":{"line":98,"column":14},"end":{"line":98,"column":49}},"37":{"start":{"line":99,"column":4},"end":{"line":99,"column":29}},"38":{"start":{"line":101,"column":2},"end":{"line":101,"column":16}},"39":{"start":{"line":95,"column":13},"end":{"line":95,"column":23}},"40":{"start":{"line":109,"column":31},"end":{"line":121,"column":1}},"41":{"start":{"line":110,"column":23},"end":{"line":110,"column":42}},"42":{"start":{"line":111,"column":31},"end":{"line":111,"column":33}},"43":{"start":{"line":113,"column":2},"end":{"line":118,"column":3}},"44":{"start":{"line":113,"column":15},"end":{"line":113,"column":16}},"45":{"start":{"line":114,"column":4},"end":{"line":117,"column":7}},"46":{"start":{"line":120,"column":2},"end":{"line":120,"column":19}},"47":{"start":{"line":109,"column":13},"end":{"line":109,"column":31}},"48":{"start":{"line":128,"column":38},"end":{"line":151,"column":1}},"49":{"start":{"line":130,"column":23},"end":{"line":130,"column":60}},"50":{"start":{"line":131,"column":26},"end":{"line":131,"column":27}},"51":{"start":{"line":134,"column":2},"end":{"line":148,"column":5}},"52":{"start":{"line":135,"column":4},"end":{"line":142,"column":5}},"53":{"start":{"line":137,"column":6},"end":{"line":137,"column":76}},"54":{"start":{"line":138,"column":6},"end":{"line":138,"column":36}},"55":{"start":{"line":141,"column":6},"end":{"line":141,"column":51}},"56":{"start":{"line":145,"column":24},"end":{"line":145,"column":74}},"57":{"start":{"line":146,"column":25},"end":{"line":146,"column":64}},"58":{"start":{"line":147,"column":4},"end":{"line":147,"column":33}},"59":{"start":{"line":150,"column":2},"end":{"line":150,"column":22}},"60":{"start":{"line":128,"column":13},"end":{"line":128,"column":38}},"61":{"start":{"line":158,"column":30},"end":{"line":196,"column":1}},"62":{"start":{"line":160,"column":2},"end":{"line":162,"column":3}},"63":{"start":{"line":161,"column":4},"end":{"line":161,"column":60}},"64":{"start":{"line":165,"column":28},"end":{"line":165,"column":30}},"65":{"start":{"line":166,"column":2},"end":{"line":168,"column":3}},"66":{"start":{"line":166,"column":15},"end":{"line":166,"column":16}},"67":{"start":{"line":167,"column":4},"end":{"line":167,"column":64}},"68":{"start":{"line":171,"column":16},"end":{"line":171,"column":29}},"69":{"start":{"line":174,"column":24},"end":{"line":174,"column":38}},"70":{"start":{"line":177,"column":20},"end":{"line":177,"column":48}},"71":{"start":{"line":180,"column":29},"end":{"line":190,"column":4}},"72":{"start":{"line":193,"column":2},"end":{"line":193,"column":48}},"73":{"start":{"line":195,"column":2},"end":{"line":195,"column":19}},"74":{"start":{"line":158,"column":13},"end":{"line":158,"column":30}}},"fnMap":{"0":{"name":"(anonymous_1)","decl":{"start":{"line":7,"column":26},"end":{"line":7,"column":null}},"loc":{"start":{"line":7,"column":26},"end":{"line":9,"column":1}}},"1":{"name":"(anonymous_2)","decl":{"start":{"line":15,"column":27},"end":{"line":15,"column":null}},"loc":{"start":{"line":15,"column":27},"end":{"line":30,"column":1}}},"2":{"name":"(anonymous_3)","decl":{"start":{"line":20,"column":17},"end":{"line":20,"column":22}},"loc":{"start":{"line":20,"column":22},"end":{"line":27,"column":3}}},"3":{"name":"(anonymous_4)","decl":{"start":{"line":36,"column":33},"end":{"line":36,"column":null}},"loc":{"start":{"line":36,"column":33},"end":{"line":73,"column":1}}},"4":{"name":"(anonymous_5)","decl":{"start":{"line":81,"column":28},"end":{"line":81,"column":29}},"loc":{"start":{"line":81,"column":53},"end":{"line":87,"column":1}}},"5":{"name":"(anonymous_6)","decl":{"start":{"line":95,"column":23},"end":{"line":95,"column":27}},"loc":{"start":{"line":95,"column":37},"end":{"line":102,"column":1}}},"6":{"name":"(anonymous_7)","decl":{"start":{"line":109,"column":31},"end":{"line":109,"column":32}},"loc":{"start":{"line":109,"column":51},"end":{"line":121,"column":1}}},"7":{"name":"(anonymous_8)","decl":{"start":{"line":128,"column":38},"end":{"line":128,"column":39}},"loc":{"start":{"line":128,"column":59},"end":{"line":151,"column":1}}},"8":{"name":"(anonymous_9)","decl":{"start":{"line":134,"column":33},"end":{"line":134,"column":34}},"loc":{"start":{"line":134,"column":50},"end":{"line":148,"column":3}}},"9":{"name":"(anonymous_10)","decl":{"start":{"line":158,"column":30},"end":{"line":158,"column":31}},"loc":{"start":{"line":158,"column":50},"end":{"line":196,"column":1}}}},"branchMap":{"0":{"loc":{"start":{"line":135,"column":4},"end":{"line":142,"column":5}},"type":"if","locations":[{"start":{"line":135,"column":4},"end":{"line":142,"column":5}}]},"1":{"loc":{"start":{"line":160,"column":2},"end":{"line":162,"column":3}},"type":"if","locations":[{"start":{"line":160,"column":2},"end":{"line":162,"column":3}}]},"2":{"loc":{"start":{"line":160,"column":6},"end":{"line":160,"column":40}},"type":"binary-expr","locations":[{"start":{"line":160,"column":6},"end":{"line":160,"column":21}},{"start":{"line":160,"column":25},"end":{"line":160,"column":40}}]}},"s":{"0":1,"1":1531,"2":1,"3":1,"4":14,"5":14,"6":14,"7":70,"8":70,"9":1400,"10":14,"11":1,"12":1,"13":33,"14":33,"15":33,"16":165,"17":33,"18":33,"19":33,"20":33,"21":165,"22":165,"23":165,"24":165,"25":825,"26":165,"27":33,"28":1,"29":1,"30":32,"31":1,"32":1,"33":20,"34":20,"35":20,"36":1370,"37":1370,"38":20,"39":1,"40":1,"41":16,"42":16,"43":16,"44":16,"45":96,"46":16,"47":1,"48":1,"49":17,"50":17,"51":17,"52":95,"53":6,"54":6,"55":6,"56":95,"57":95,"58":95,"59":17,"60":1,"61":1,"62":15,"63":2,"64":13,"65":13,"66":13,"67":31,"68":13,"69":13,"70":13,"71":13,"72":13,"73":13,"74":1},"f":{"0":1531,"1":14,"2":70,"3":33,"4":32,"5":20,"6":16,"7":17,"8":95,"9":15},"b":{"0":[6],"1":[2],"2":[15,14]}}
}
