{"C:\\Users\\mathe\\Documents\\Projet Perso\\azul\\src\\game-logic\\moves.ts": {"path":"C:\\Users\\mathe\\Documents\\Projet Perso\\azul\\src\\game-logic\\moves.ts","statementMap":{"0":{"start":{"line":10,"column":30},"end":{"line":27,"column":1}},"1":{"start":{"line":12,"column":2},"end":{"line":14,"column":3}},"2":{"start":{"line":13,"column":4},"end":{"line":13,"column":17}},"3":{"start":{"line":16,"column":2},"end":{"line":26,"column":3}},"4":{"start":{"line":18,"column":20},"end":{"line":18,"column":69}},"5":{"start":{"line":18,"column":50},"end":{"line":18,"column":69}},"6":{"start":{"line":19,"column":4},"end":{"line":19,"column":31}},"7":{"start":{"line":19,"column":18},"end":{"line":19,"column":31}},"8":{"start":{"line":22,"column":4},"end":{"line":22,"column":54}},"9":{"start":{"line":22,"column":35},"end":{"line":22,"column":53}},"10":{"start":{"line":25,"column":4},"end":{"line":25,"column":57}},"11":{"start":{"line":25,"column":38},"end":{"line":25,"column":56}},"12":{"start":{"line":10,"column":13},"end":{"line":10,"column":30}},"13":{"start":{"line":36,"column":29},"end":{"line":79,"column":1}},"14":{"start":{"line":38,"column":2},"end":{"line":40,"column":3}},"15":{"start":{"line":39,"column":4},"end":{"line":39,"column":17}},"16":{"start":{"line":43,"column":24},"end":{"line":43,"column":85}},"17":{"start":{"line":43,"column":52},"end":{"line":43,"column":85}},"18":{"start":{"line":44,"column":2},"end":{"line":44,"column":35}},"19":{"start":{"line":44,"column":22},"end":{"line":44,"column":35}},"20":{"start":{"line":47,"column":2},"end":{"line":49,"column":3}},"21":{"start":{"line":48,"column":4},"end":{"line":48,"column":16}},"22":{"start":{"line":52,"column":2},"end":{"line":54,"column":3}},"23":{"start":{"line":53,"column":4},"end":{"line":53,"column":17}},"24":{"start":{"line":56,"column":22},"end":{"line":56,"column":72}},"25":{"start":{"line":57,"column":21},"end":{"line":57,"column":37}},"26":{"start":{"line":60,"column":2},"end":{"line":60,"column":32}},"27":{"start":{"line":60,"column":19},"end":{"line":60,"column":32}},"28":{"start":{"line":63,"column":2},"end":{"line":65,"column":3}},"29":{"start":{"line":64,"column":4},"end":{"line":64,"column":17}},"30":{"start":{"line":68,"column":2},"end":{"line":70,"column":3}},"31":{"start":{"line":69,"column":4},"end":{"line":69,"column":17}},"32":{"start":{"line":73,"column":18},"end":{"line":73,"column":60}},"33":{"start":{"line":74,"column":29},"end":{"line":75,"column":null}},"34":{"start":{"line":75,"column":13},"end":{"line":75,"column":null}},"35":{"start":{"line":78,"column":2},"end":{"line":78,"column":29}},"36":{"start":{"line":36,"column":13},"end":{"line":36,"column":29}},"37":{"start":{"line":87,"column":36},"end":{"line":117,"column":1}},"38":{"start":{"line":88,"column":2},"end":{"line":88,"column":47}},"39":{"start":{"line":88,"column":34},"end":{"line":88,"column":47}},"40":{"start":{"line":90,"column":24},"end":{"line":90,"column":85}},"41":{"start":{"line":90,"column":52},"end":{"line":90,"column":85}},"42":{"start":{"line":91,"column":2},"end":{"line":91,"column":35}},"43":{"start":{"line":91,"column":22},"end":{"line":91,"column":35}},"44":{"start":{"line":93,"column":16},"end":{"line":93,"column":38}},"45":{"start":{"line":96,"column":2},"end":{"line":113,"column":3}},"46":{"start":{"line":96,"column":15},"end":{"line":96,"column":16}},"47":{"start":{"line":97,"column":17},"end":{"line":97,"column":52}},"48":{"start":{"line":100,"column":4},"end":{"line":112,"column":5}},"49":{"start":{"line":103,"column":22},"end":{"line":103,"column":49}},"50":{"start":{"line":104,"column":33},"end":{"line":105,"column":null}},"51":{"start":{"line":105,"column":17},"end":{"line":105,"column":null}},"52":{"start":{"line":109,"column":6},"end":{"line":111,"column":7}},"53":{"start":{"line":110,"column":8},"end":{"line":110,"column":21}},"54":{"start":{"line":116,"column":2},"end":{"line":116,"column":14}},"55":{"start":{"line":87,"column":13},"end":{"line":87,"column":36}}},"fnMap":{"0":{"name":"(anonymous_0)","decl":{"start":{"line":10,"column":30},"end":{"line":10,"column":31}},"loc":{"start":{"line":10,"column":95},"end":{"line":27,"column":1}}},"1":{"name":"(anonymous_1)","decl":{"start":{"line":18,"column":45},"end":{"line":18,"column":46}},"loc":{"start":{"line":18,"column":46},"end":{"line":18,"column":51}}},"2":{"name":"(anonymous_2)","decl":{"start":{"line":22,"column":30},"end":{"line":22,"column":31}},"loc":{"start":{"line":22,"column":31},"end":{"line":22,"column":36}}},"3":{"name":"(anonymous_3)","decl":{"start":{"line":25,"column":33},"end":{"line":25,"column":34}},"loc":{"start":{"line":25,"column":34},"end":{"line":25,"column":39}}},"4":{"name":"(anonymous_4)","decl":{"start":{"line":36,"column":29},"end":{"line":36,"column":30}},"loc":{"start":{"line":36,"column":99},"end":{"line":79,"column":1}}},"5":{"name":"(anonymous_5)","decl":{"start":{"line":43,"column":47},"end":{"line":43,"column":48}},"loc":{"start":{"line":43,"column":48},"end":{"line":43,"column":53}}},"6":{"name":"(anonymous_6)","decl":{"start":{"line":75,"column":4},"end":{"line":75,"column":9}},"loc":{"start":{"line":75,"column":9},"end":{"line":75,"column":18}}},"7":{"name":"(anonymous_7)","decl":{"start":{"line":87,"column":36},"end":{"line":87,"column":37}},"loc":{"start":{"line":87,"column":80},"end":{"line":117,"column":1}}},"8":{"name":"(anonymous_8)","decl":{"start":{"line":90,"column":47},"end":{"line":90,"column":48}},"loc":{"start":{"line":90,"column":48},"end":{"line":90,"column":53}}},"9":{"name":"(anonymous_9)","decl":{"start":{"line":105,"column":8},"end":{"line":105,"column":13}},"loc":{"start":{"line":105,"column":13},"end":{"line":105,"column":22}}}},"branchMap":{"0":{"loc":{"start":{"line":12,"column":2},"end":{"line":14,"column":3}},"type":"if","locations":[{"start":{"line":12,"column":2},"end":{"line":14,"column":3}}]},"1":{"loc":{"start":{"line":16,"column":2},"end":{"line":26,"column":3}},"type":"if","locations":[{"start":{"line":16,"column":2},"end":{"line":26,"column":3}},{"start":{"line":23,"column":9},"end":{"line":26,"column":3}}]},"2":{"loc":{"start":{"line":19,"column":4},"end":{"line":19,"column":31}},"type":"if","locations":[{"start":{"line":19,"column":4},"end":{"line":19,"column":31}}]},"3":{"loc":{"start":{"line":38,"column":2},"end":{"line":40,"column":3}},"type":"if","locations":[{"start":{"line":38,"column":2},"end":{"line":40,"column":3}}]},"4":{"loc":{"start":{"line":44,"column":2},"end":{"line":44,"column":35}},"type":"if","locations":[{"start":{"line":44,"column":2},"end":{"line":44,"column":35}}]},"5":{"loc":{"start":{"line":47,"column":2},"end":{"line":49,"column":3}},"type":"if","locations":[{"start":{"line":47,"column":2},"end":{"line":49,"column":3}}]},"6":{"loc":{"start":{"line":52,"column":2},"end":{"line":54,"column":3}},"type":"if","locations":[{"start":{"line":52,"column":2},"end":{"line":54,"column":3}}]},"7":{"loc":{"start":{"line":52,"column":6},"end":{"line":52,"column":89}},"type":"binary-expr","locations":[{"start":{"line":52,"column":6},"end":{"line":52,"column":26}},{"start":{"line":52,"column":30},"end":{"line":52,"column":89}}]},"8":{"loc":{"start":{"line":60,"column":2},"end":{"line":60,"column":32}},"type":"if","locations":[{"start":{"line":60,"column":2},"end":{"line":60,"column":32}}]},"9":{"loc":{"start":{"line":63,"column":2},"end":{"line":65,"column":3}},"type":"if","locations":[{"start":{"line":63,"column":2},"end":{"line":65,"column":3}}]},"10":{"loc":{"start":{"line":63,"column":6},"end":{"line":63,"column":74}},"type":"binary-expr","locations":[{"start":{"line":63,"column":6},"end":{"line":63,"column":32}},{"start":{"line":63,"column":36},"end":{"line":63,"column":74}}]},"11":{"loc":{"start":{"line":68,"column":2},"end":{"line":70,"column":3}},"type":"if","locations":[{"start":{"line":68,"column":2},"end":{"line":70,"column":3}}]},"12":{"loc":{"start":{"line":75,"column":13},"end":{"line":75,"column":61}},"type":"binary-expr","locations":[{"start":{"line":75,"column":13},"end":{"line":75,"column":45}},{"start":{"line":75,"column":49},"end":{"line":75,"column":61}}]},"13":{"loc":{"start":{"line":88,"column":2},"end":{"line":88,"column":47}},"type":"if","locations":[{"start":{"line":88,"column":2},"end":{"line":88,"column":47}}]},"14":{"loc":{"start":{"line":91,"column":2},"end":{"line":91,"column":35}},"type":"if","locations":[{"start":{"line":91,"column":2},"end":{"line":91,"column":35}}]},"15":{"loc":{"start":{"line":100,"column":4},"end":{"line":112,"column":5}},"type":"if","locations":[{"start":{"line":100,"column":4},"end":{"line":112,"column":5}}]},"16":{"loc":{"start":{"line":100,"column":8},"end":{"line":101,"column":53}},"type":"binary-expr","locations":[{"start":{"line":100,"column":8},"end":{"line":100,"column":39}},{"start":{"line":101,"column":9},"end":{"line":101,"column":28}},{"start":{"line":101,"column":32},"end":{"line":101,"column":52}}]},"17":{"loc":{"start":{"line":105,"column":17},"end":{"line":105,"column":54}},"type":"binary-expr","locations":[{"start":{"line":105,"column":17},"end":{"line":105,"column":38}},{"start":{"line":105,"column":42},"end":{"line":105,"column":54}}]},"18":{"loc":{"start":{"line":109,"column":6},"end":{"line":111,"column":7}},"type":"if","locations":[{"start":{"line":109,"column":6},"end":{"line":111,"column":7}}]}},"s":{"0":3,"1":656925,"2":1,"3":656924,"4":481918,"5":2201013,"6":481918,"7":2,"8":481916,"9":1072674,"10":175006,"11":557331,"12":3,"13":3,"14":1283245,"15":1,"16":1283244,"17":2662754,"18":1283244,"19":1,"20":1283243,"21":1,"22":1283242,"23":4,"24":1283238,"25":1283238,"26":1283238,"27":1,"28":1283237,"29":604815,"30":678422,"31":36063,"32":642359,"33":642359,"34":2954235,"35":642359,"36":3,"37":3,"38":1473355,"39":2,"40":1473353,"41":3190087,"42":1473353,"43":2,"44":1473351,"45":1473351,"46":1473351,"47":3019367,"48":3019367,"49":1975289,"50":1975289,"51":8611153,"52":1975289,"53":1349966,"54":123385,"55":3},"f":{"0":656925,"1":2201013,"2":1072674,"3":557331,"4":1283245,"5":2662754,"6":2954235,"7":1473355,"8":3190087,"9":8611153},"b":{"0":[1],"1":[481918,175006],"2":[2],"3":[1],"4":[1],"5":[1],"6":[4],"7":[1283242,1283240],"8":[1],"9":[604815],"10":[1283237,750589],"11":[36063],"12":[2954235,642359],"13":[2],"14":[2],"15":[1975289],"16":[3019367,2623431,786673],"17":[8611153,1975289],"18":[1349966]}}
,"C:\\Users\\mathe\\Documents\\Projet Perso\\azul\\src\\game-logic\\scoring.ts": {"path":"C:\\Users\\mathe\\Documents\\Projet Perso\\azul\\src\\game-logic\\scoring.ts","statementMap":{"0":{"start":{"line":7,"column":24},"end":{"line":7,"column":52}},"1":{"start":{"line":16,"column":43},"end":{"line":71,"column":1}},"2":{"start":{"line":17,"column":24},"end":{"line":17,"column":25}},"3":{"start":{"line":18,"column":22},"end":{"line":18,"column":23}},"4":{"start":{"line":21,"column":2},"end":{"line":27,"column":3}},"5":{"start":{"line":21,"column":15},"end":{"line":21,"column":22}},"6":{"start":{"line":22,"column":4},"end":{"line":26,"column":5}},"7":{"start":{"line":23,"column":6},"end":{"line":23,"column":24}},"8":{"start":{"line":25,"column":6},"end":{"line":25,"column":12}},"9":{"start":{"line":30,"column":2},"end":{"line":36,"column":3}},"10":{"start":{"line":30,"column":15},"end":{"line":30,"column":22}},"11":{"start":{"line":31,"column":4},"end":{"line":35,"column":5}},"12":{"start":{"line":32,"column":6},"end":{"line":32,"column":24}},"13":{"start":{"line":34,"column":6},"end":{"line":34,"column":12}},"14":{"start":{"line":39,"column":2},"end":{"line":45,"column":3}},"15":{"start":{"line":39,"column":15},"end":{"line":39,"column":22}},"16":{"start":{"line":40,"column":4},"end":{"line":44,"column":5}},"17":{"start":{"line":41,"column":6},"end":{"line":41,"column":22}},"18":{"start":{"line":43,"column":6},"end":{"line":43,"column":12}},"19":{"start":{"line":48,"column":2},"end":{"line":54,"column":3}},"20":{"start":{"line":48,"column":15},"end":{"line":48,"column":22}},"21":{"start":{"line":49,"column":4},"end":{"line":53,"column":5}},"22":{"start":{"line":50,"column":6},"end":{"line":50,"column":22}},"23":{"start":{"line":52,"column":6},"end":{"line":52,"column":12}},"24":{"start":{"line":57,"column":2},"end":{"line":59,"column":3}},"25":{"start":{"line":58,"column":4},"end":{"line":58,"column":13}},"26":{"start":{"line":62,"column":19},"end":{"line":62,"column":20}},"27":{"start":{"line":63,"column":2},"end":{"line":65,"column":3}},"28":{"start":{"line":64,"column":4},"end":{"line":64,"column":38}},"29":{"start":{"line":66,"column":2},"end":{"line":68,"column":3}},"30":{"start":{"line":67,"column":4},"end":{"line":67,"column":36}},"31":{"start":{"line":70,"column":2},"end":{"line":70,"column":20}},"32":{"start":{"line":16,"column":13},"end":{"line":16,"column":43}},"33":{"start":{"line":78,"column":35},"end":{"line":94,"column":1}},"34":{"start":{"line":79,"column":21},"end":{"line":79,"column":37}},"35":{"start":{"line":80,"column":25},"end":{"line":80,"column":61}},"36":{"start":{"line":83,"column":18},"end":{"line":85,"column":47}},"37":{"start":{"line":85,"column":30},"end":{"line":85,"column":45}},"38":{"start":{"line":88,"column":2},"end":{"line":88,"column":79}},"39":{"start":{"line":91,"column":2},"end":{"line":91,"column":37}},"40":{"start":{"line":93,"column":2},"end":{"line":93,"column":23}},"41":{"start":{"line":78,"column":13},"end":{"line":78,"column":35}},"42":{"start":{"line":102,"column":44},"end":{"line":141,"column":1}},"43":{"start":{"line":106,"column":21},"end":{"line":106,"column":37}},"44":{"start":{"line":107,"column":20},"end":{"line":107,"column":21}},"45":{"start":{"line":108,"column":31},"end":{"line":108,"column":33}},"46":{"start":{"line":110,"column":2},"end":{"line":135,"column":5}},"47":{"start":{"line":112,"column":4},"end":{"line":134,"column":5}},"48":{"start":{"line":113,"column":22},"end":{"line":113,"column":56}},"49":{"start":{"line":114,"column":20},"end":{"line":114,"column":30}},"50":{"start":{"line":117,"column":23},"end":{"line":117,"column":72}},"51":{"start":{"line":117,"column":50},"end":{"line":117,"column":72}},"52":{"start":{"line":119,"column":6},"end":{"line":133,"column":7}},"53":{"start":{"line":121,"column":8},"end":{"line":121,"column":40}},"54":{"start":{"line":124,"column":8},"end":{"line":124,"column":92}},"55":{"start":{"line":127,"column":42},"end":{"line":127,"column":52}},"56":{"start":{"line":127,"column":23},"end":{"line":127,"column":28}},"57":{"start":{"line":127,"column":38},"end":{"line":127,"column":42}},"58":{"start":{"line":128,"column":8},"end":{"line":128,"column":60}},"59":{"start":{"line":131,"column":8},"end":{"line":131,"column":24}},"60":{"start":{"line":132,"column":8},"end":{"line":132,"column":26}},"61":{"start":{"line":138,"column":2},"end":{"line":138,"column":43}},"62":{"start":{"line":140,"column":2},"end":{"line":140,"column":51}},"63":{"start":{"line":102,"column":13},"end":{"line":102,"column":44}},"64":{"start":{"line":148,"column":36},"end":{"line":172,"column":1}},"65":{"start":{"line":149,"column":24},"end":{"line":149,"column":43}},"66":{"start":{"line":150,"column":34},"end":{"line":150,"column":36}},"67":{"start":{"line":152,"column":2},"end":{"line":163,"column":5}},"68":{"start":{"line":155,"column":6},"end":{"line":155,"column":60}},"69":{"start":{"line":154,"column":33},"end":{"line":154,"column":35}},"70":{"start":{"line":154,"column":49},"end":{"line":154,"column":null}},"71":{"start":{"line":156,"column":4},"end":{"line":156,"column":66}},"72":{"start":{"line":159,"column":20},"end":{"line":159,"column":57}},"73":{"start":{"line":160,"column":4},"end":{"line":160,"column":62}},"74":{"start":{"line":162,"column":4},"end":{"line":162,"column":46}},"75":{"start":{"line":166,"column":2},"end":{"line":169,"column":4}},"76":{"start":{"line":171,"column":2},"end":{"line":171,"column":26}},"77":{"start":{"line":148,"column":13},"end":{"line":148,"column":36}},"78":{"start":{"line":179,"column":36},"end":{"line":226,"column":1}},"79":{"start":{"line":180,"column":24},"end":{"line":180,"column":43}},"80":{"start":{"line":182,"column":2},"end":{"line":223,"column":5}},"81":{"start":{"line":183,"column":21},"end":{"line":183,"column":22}},"82":{"start":{"line":184,"column":17},"end":{"line":184,"column":34}},"83":{"start":{"line":187,"column":4},"end":{"line":191,"column":5}},"84":{"start":{"line":187,"column":19},"end":{"line":187,"column":20}},"85":{"start":{"line":188,"column":6},"end":{"line":190,"column":7}},"86":{"start":{"line":188,"column":35},"end":{"line":188,"column":48}},"87":{"start":{"line":189,"column":8},"end":{"line":189,"column":24}},"88":{"start":{"line":195,"column":6},"end":{"line":197,"column":7}},"89":{"start":{"line":195,"column":28},"end":{"line":195,"column":44}},"90":{"start":{"line":196,"column":8},"end":{"line":196,"column":24}},"91":{"start":{"line":194,"column":4},"end":{"line":198,"column":null}},"92":{"start":{"line":194,"column":19},"end":{"line":194,"column":20}},"93":{"start":{"line":194,"column":13},"end":{"line":194,"column":19}},"94":{"start":{"line":201,"column":24},"end":{"line":201,"column":25}},"95":{"start":{"line":202,"column":32},"end":{"line":202,"column":74}},"96":{"start":{"line":204,"column":4},"end":{"line":213,"column":7}},"97":{"start":{"line":205,"column":25},"end":{"line":208,"column":15}},"98":{"start":{"line":207,"column":25},"end":{"line":207,"column":63}},"99":{"start":{"line":210,"column":6},"end":{"line":212,"column":7}},"100":{"start":{"line":211,"column":8},"end":{"line":211,"column":25}},"101":{"start":{"line":216,"column":4},"end":{"line":220,"column":null}},"102":{"start":{"line":225,"column":2},"end":{"line":225,"column":26}},"103":{"start":{"line":179,"column":13},"end":{"line":179,"column":36}}},"fnMap":{"0":{"name":"(anonymous_3)","decl":{"start":{"line":16,"column":43},"end":{"line":16,"column":44}},"loc":{"start":{"line":16,"column":88},"end":{"line":71,"column":1}}},"1":{"name":"(anonymous_4)","decl":{"start":{"line":78,"column":35},"end":{"line":78,"column":36}},"loc":{"start":{"line":78,"column":50},"end":{"line":94,"column":1}}},"2":{"name":"(anonymous_5)","decl":{"start":{"line":85,"column":12},"end":{"line":85,"column":13}},"loc":{"start":{"line":85,"column":25},"end":{"line":85,"column":33}}},"3":{"name":"(anonymous_6)","decl":{"start":{"line":102,"column":44},"end":{"line":102,"column":null}},"loc":{"start":{"line":104,"column":22},"end":{"line":141,"column":1}}},"4":{"name":"(anonymous_7)","decl":{"start":{"line":110,"column":43},"end":{"line":110,"column":44}},"loc":{"start":{"line":110,"column":58},"end":{"line":135,"column":3}}},"5":{"name":"(anonymous_8)","decl":{"start":{"line":117,"column":41},"end":{"line":117,"column":46}},"loc":{"start":{"line":117,"column":46},"end":{"line":117,"column":55}}},"6":{"name":"(anonymous_9)","decl":{"start":{"line":148,"column":36},"end":{"line":148,"column":37}},"loc":{"start":{"line":148,"column":57},"end":{"line":172,"column":1}}},"7":{"name":"(anonymous_10)","decl":{"start":{"line":152,"column":58},"end":{"line":152,"column":64}},"loc":{"start":{"line":152,"column":64},"end":{"line":163,"column":3}}},"8":{"name":"(anonymous_11)","decl":{"start":{"line":179,"column":36},"end":{"line":179,"column":37}},"loc":{"start":{"line":179,"column":57},"end":{"line":226,"column":1}}},"9":{"name":"(anonymous_12)","decl":{"start":{"line":182,"column":58},"end":{"line":182,"column":64}},"loc":{"start":{"line":182,"column":64},"end":{"line":223,"column":3}}},"10":{"name":"(anonymous_13)","decl":{"start":{"line":188,"column":26},"end":{"line":188,"column":31}},"loc":{"start":{"line":188,"column":31},"end":{"line":188,"column":40}}},"11":{"name":"(anonymous_15)","decl":{"start":{"line":195,"column":21},"end":{"line":195,"column":24}},"loc":{"start":{"line":195,"column":24},"end":{"line":195,"column":31}}},"12":{"name":"(anonymous_16)","decl":{"start":{"line":204,"column":19},"end":{"line":204,"column":24}},"loc":{"start":{"line":204,"column":24},"end":{"line":213,"column":5}}},"13":{"name":"(anonymous_17)","decl":{"start":{"line":207,"column":16},"end":{"line":207,"column":21}},"loc":{"start":{"line":207,"column":21},"end":{"line":207,"column":30}}}},"branchMap":{"0":{"loc":{"start":{"line":22,"column":4},"end":{"line":26,"column":5}},"type":"if","locations":[{"start":{"line":22,"column":4},"end":{"line":26,"column":5}},{"start":{"line":24,"column":11},"end":{"line":26,"column":5}}]},"1":{"loc":{"start":{"line":31,"column":4},"end":{"line":35,"column":5}},"type":"if","locations":[{"start":{"line":31,"column":4},"end":{"line":35,"column":5}},{"start":{"line":33,"column":11},"end":{"line":35,"column":5}}]},"2":{"loc":{"start":{"line":40,"column":4},"end":{"line":44,"column":5}},"type":"if","locations":[{"start":{"line":40,"column":4},"end":{"line":44,"column":5}},{"start":{"line":42,"column":11},"end":{"line":44,"column":5}}]},"3":{"loc":{"start":{"line":49,"column":4},"end":{"line":53,"column":5}},"type":"if","locations":[{"start":{"line":49,"column":4},"end":{"line":53,"column":5}},{"start":{"line":51,"column":11},"end":{"line":53,"column":5}}]},"4":{"loc":{"start":{"line":57,"column":2},"end":{"line":59,"column":3}},"type":"if","locations":[{"start":{"line":57,"column":2},"end":{"line":59,"column":3}}]},"5":{"loc":{"start":{"line":57,"column":6},"end":{"line":57,"column":50}},"type":"binary-expr","locations":[{"start":{"line":57,"column":6},"end":{"line":57,"column":27}},{"start":{"line":57,"column":31},"end":{"line":57,"column":50}}]},"6":{"loc":{"start":{"line":63,"column":2},"end":{"line":65,"column":3}},"type":"if","locations":[{"start":{"line":63,"column":2},"end":{"line":65,"column":3}}]},"7":{"loc":{"start":{"line":66,"column":2},"end":{"line":68,"column":3}},"type":"if","locations":[{"start":{"line":66,"column":2},"end":{"line":68,"column":3}}]},"8":{"loc":{"start":{"line":112,"column":4},"end":{"line":134,"column":5}},"type":"if","locations":[{"start":{"line":112,"column":4},"end":{"line":134,"column":5}}]},"9":{"loc":{"start":{"line":112,"column":8},"end":{"line":112,"column":55}},"type":"binary-expr","locations":[{"start":{"line":112,"column":8},"end":{"line":112,"column":41}},{"start":{"line":112,"column":45},"end":{"line":112,"column":55}}]},"10":{"loc":{"start":{"line":119,"column":6},"end":{"line":133,"column":7}},"type":"if","locations":[{"start":{"line":119,"column":6},"end":{"line":133,"column":7}}]},"11":{"loc":{"start":{"line":119,"column":10},"end":{"line":119,"column":54}},"type":"binary-expr","locations":[{"start":{"line":119,"column":10},"end":{"line":119,"column":25}},{"start":{"line":119,"column":29},"end":{"line":119,"column":54}}]},"12":{"loc":{"start":{"line":188,"column":6},"end":{"line":190,"column":7}},"type":"if","locations":[{"start":{"line":188,"column":6},"end":{"line":190,"column":7}}]},"13":{"loc":{"start":{"line":195,"column":6},"end":{"line":197,"column":7}},"type":"if","locations":[{"start":{"line":195,"column":6},"end":{"line":197,"column":7}}]},"14":{"loc":{"start":{"line":207,"column":25},"end":{"line":207,"column":62}},"type":"binary-expr","locations":[{"start":{"line":207,"column":25},"end":{"line":207,"column":46}},{"start":{"line":207,"column":50},"end":{"line":207,"column":62}}]},"15":{"loc":{"start":{"line":210,"column":6},"end":{"line":212,"column":7}},"type":"if","locations":[{"start":{"line":210,"column":6},"end":{"line":212,"column":7}}]}},"s":{"0":3,"1":3,"2":307521,"3":307521,"4":307521,"5":307521,"6":299708,"7":76823,"8":222885,"9":307521,"10":307521,"11":300257,"12":77017,"13":223240,"14":307521,"15":307521,"16":209606,"17":52180,"18":157426,"19":307521,"20":307521,"21":318184,"22":35786,"23":282398,"24":307521,"25":187046,"26":120475,"27":120475,"28":88238,"29":120475,"30":64617,"31":120475,"32":3,"33":3,"34":14143,"35":14143,"36":14143,"37":43578,"38":14143,"39":14143,"40":14143,"41":3,"42":3,"43":14142,"44":14142,"45":14142,"46":14142,"47":70710,"48":32546,"49":32546,"50":32546,"51":97783,"52":32546,"53":32546,"54":32546,"55":32546,"56":32546,"57":32546,"58":32546,"59":32546,"60":32546,"61":14142,"62":14142,"63":3,"64":3,"65":4708,"66":4708,"67":4708,"68":14140,"69":14140,"70":14140,"71":14140,"72":14140,"73":14140,"74":14140,"75":4708,"76":4708,"77":3,"78":3,"79":914,"80":914,"81":2716,"82":2716,"83":2716,"84":2716,"85":13580,"86":28810,"87":1586,"88":13580,"89":37603,"90":279,"91":2716,"92":2716,"93":13580,"94":2716,"95":2716,"96":2716,"97":13580,"98":339500,"99":13580,"100":90,"101":2716,"102":914,"103":3},"f":{"0":307521,"1":14143,"2":43578,"3":14142,"4":70710,"5":97783,"6":4708,"7":14140,"8":914,"9":2716,"10":28810,"11":37603,"12":13580,"13":339500},"b":{"0":[76823,222885],"1":[77017,223240],"2":[52180,157426],"3":[35786,282398],"4":[187046],"5":[307521,219283],"6":[88238],"7":[64617],"8":[32546],"9":[70710,32546],"10":[32546],"11":[32546,32546],"12":[1586],"13":[279],"14":[339500,67900],"15":[90]}}
,"C:\\Users\\mathe\\Documents\\Projet Perso\\azul\\src\\game-logic\\setup.ts": {"path":"C:\\Users\\mathe\\Documents\\Projet Perso\\azul\\src\\game-logic\\setup.ts","statementMap":{"0":{"start":{"line":7,"column":26},"end":{"line":9,"column":1}},"1":{"start":{"line":8,"column":2},"end":{"line":8,"column":53}},"2":{"start":{"line":7,"column":13},"end":{"line":7,"column":26}},"3":{"start":{"line":15,"column":27},"end":{"line":30,"column":1}},"4":{"start":{"line":16,"column":30},"end":{"line":16,"column":72}},"5":{"start":{"line":17,"column":24},"end":{"line":17,"column":26}},"6":{"start":{"line":20,"column":2},"end":{"line":27,"column":5}},"7":{"start":{"line":21,"column":4},"end":{"line":26,"column":5}},"8":{"start":{"line":21,"column":17},"end":{"line":21,"column":18}},"9":{"start":{"line":22,"column":6},"end":{"line":25,"column":9}},"10":{"start":{"line":29,"column":2},"end":{"line":29,"column":15}},"11":{"start":{"line":15,"column":13},"end":{"line":15,"column":27}},"12":{"start":{"line":36,"column":33},"end":{"line":73,"column":1}},"13":{"start":{"line":38,"column":38},"end":{"line":38,"column":40}},"14":{"start":{"line":39,"column":2},"end":{"line":45,"column":3}},"15":{"start":{"line":39,"column":15},"end":{"line":39,"column":16}},"16":{"start":{"line":40,"column":4},"end":{"line":44,"column":7}},"17":{"start":{"line":48,"column":30},"end":{"line":48,"column":32}},"18":{"start":{"line":49,"column":30},"end":{"line":49,"column":72}},"19":{"start":{"line":51,"column":2},"end":{"line":65,"column":3}},"20":{"start":{"line":51,"column":17},"end":{"line":51,"column":18}},"21":{"start":{"line":52,"column":33},"end":{"line":52,"column":35}},"22":{"start":{"line":54,"column":23},"end":{"line":54,"column":73}},"23":{"start":{"line":56,"column":4},"end":{"line":63,"column":5}},"24":{"start":{"line":56,"column":19},"end":{"line":56,"column":20}},"25":{"start":{"line":57,"column":6},"end":{"line":62,"column":9}},"26":{"start":{"line":64,"column":4},"end":{"line":64,"column":23}},"27":{"start":{"line":67,"column":2},"end":{"line":72,"column":4}},"28":{"start":{"line":36,"column":13},"end":{"line":36,"column":33}},"29":{"start":{"line":81,"column":28},"end":{"line":87,"column":1}},"30":{"start":{"line":82,"column":2},"end":{"line":86,"column":4}},"31":{"start":{"line":81,"column":13},"end":{"line":81,"column":28}},"32":{"start":{"line":95,"column":23},"end":{"line":102,"column":1}},"33":{"start":{"line":96,"column":14},"end":{"line":96,"column":27}},"34":{"start":{"line":97,"column":2},"end":{"line":100,"column":3}},"35":{"start":{"line":97,"column":15},"end":{"line":97,"column":32}},"36":{"start":{"line":98,"column":14},"end":{"line":98,"column":49}},"37":{"start":{"line":99,"column":4},"end":{"line":99,"column":29}},"38":{"start":{"line":101,"column":2},"end":{"line":101,"column":16}},"39":{"start":{"line":95,"column":13},"end":{"line":95,"column":23}},"40":{"start":{"line":109,"column":31},"end":{"line":121,"column":1}},"41":{"start":{"line":110,"column":23},"end":{"line":110,"column":42}},"42":{"start":{"line":111,"column":31},"end":{"line":111,"column":33}},"43":{"start":{"line":113,"column":2},"end":{"line":118,"column":3}},"44":{"start":{"line":113,"column":15},"end":{"line":113,"column":16}},"45":{"start":{"line":114,"column":4},"end":{"line":117,"column":7}},"46":{"start":{"line":120,"column":2},"end":{"line":120,"column":19}},"47":{"start":{"line":109,"column":13},"end":{"line":109,"column":31}},"48":{"start":{"line":128,"column":38},"end":{"line":151,"column":1}},"49":{"start":{"line":130,"column":23},"end":{"line":130,"column":60}},"50":{"start":{"line":131,"column":26},"end":{"line":131,"column":27}},"51":{"start":{"line":134,"column":2},"end":{"line":148,"column":5}},"52":{"start":{"line":135,"column":4},"end":{"line":142,"column":5}},"53":{"start":{"line":137,"column":6},"end":{"line":137,"column":76}},"54":{"start":{"line":138,"column":6},"end":{"line":138,"column":36}},"55":{"start":{"line":141,"column":6},"end":{"line":141,"column":51}},"56":{"start":{"line":145,"column":24},"end":{"line":145,"column":74}},"57":{"start":{"line":146,"column":25},"end":{"line":146,"column":64}},"58":{"start":{"line":147,"column":4},"end":{"line":147,"column":33}},"59":{"start":{"line":150,"column":2},"end":{"line":150,"column":22}},"60":{"start":{"line":128,"column":13},"end":{"line":128,"column":38}},"61":{"start":{"line":158,"column":30},"end":{"line":196,"column":1}},"62":{"start":{"line":160,"column":2},"end":{"line":162,"column":3}},"63":{"start":{"line":161,"column":4},"end":{"line":161,"column":60}},"64":{"start":{"line":165,"column":28},"end":{"line":165,"column":30}},"65":{"start":{"line":166,"column":2},"end":{"line":168,"column":3}},"66":{"start":{"line":166,"column":15},"end":{"line":166,"column":16}},"67":{"start":{"line":167,"column":4},"end":{"line":167,"column":64}},"68":{"start":{"line":171,"column":16},"end":{"line":171,"column":29}},"69":{"start":{"line":174,"column":24},"end":{"line":174,"column":38}},"70":{"start":{"line":177,"column":20},"end":{"line":177,"column":48}},"71":{"start":{"line":180,"column":29},"end":{"line":190,"column":4}},"72":{"start":{"line":193,"column":2},"end":{"line":193,"column":48}},"73":{"start":{"line":195,"column":2},"end":{"line":195,"column":19}},"74":{"start":{"line":158,"column":13},"end":{"line":158,"column":30}}},"fnMap":{"0":{"name":"(anonymous_1)","decl":{"start":{"line":7,"column":26},"end":{"line":7,"column":null}},"loc":{"start":{"line":7,"column":26},"end":{"line":9,"column":1}}},"1":{"name":"(anonymous_2)","decl":{"start":{"line":15,"column":27},"end":{"line":15,"column":null}},"loc":{"start":{"line":15,"column":27},"end":{"line":30,"column":1}}},"2":{"name":"(anonymous_3)","decl":{"start":{"line":20,"column":17},"end":{"line":20,"column":22}},"loc":{"start":{"line":20,"column":22},"end":{"line":27,"column":3}}},"3":{"name":"(anonymous_4)","decl":{"start":{"line":36,"column":33},"end":{"line":36,"column":null}},"loc":{"start":{"line":36,"column":33},"end":{"line":73,"column":1}}},"4":{"name":"(anonymous_5)","decl":{"start":{"line":81,"column":28},"end":{"line":81,"column":29}},"loc":{"start":{"line":81,"column":53},"end":{"line":87,"column":1}}},"5":{"name":"(anonymous_6)","decl":{"start":{"line":95,"column":23},"end":{"line":95,"column":27}},"loc":{"start":{"line":95,"column":37},"end":{"line":102,"column":1}}},"6":{"name":"(anonymous_7)","decl":{"start":{"line":109,"column":31},"end":{"line":109,"column":32}},"loc":{"start":{"line":109,"column":51},"end":{"line":121,"column":1}}},"7":{"name":"(anonymous_8)","decl":{"start":{"line":128,"column":38},"end":{"line":128,"column":39}},"loc":{"start":{"line":128,"column":59},"end":{"line":151,"column":1}}},"8":{"name":"(anonymous_9)","decl":{"start":{"line":134,"column":33},"end":{"line":134,"column":34}},"loc":{"start":{"line":134,"column":50},"end":{"line":148,"column":3}}},"9":{"name":"(anonymous_10)","decl":{"start":{"line":158,"column":30},"end":{"line":158,"column":31}},"loc":{"start":{"line":158,"column":50},"end":{"line":196,"column":1}}}},"branchMap":{"0":{"loc":{"start":{"line":135,"column":4},"end":{"line":142,"column":5}},"type":"if","locations":[{"start":{"line":135,"column":4},"end":{"line":142,"column":5}}]},"1":{"loc":{"start":{"line":160,"column":2},"end":{"line":162,"column":3}},"type":"if","locations":[{"start":{"line":160,"column":2},"end":{"line":162,"column":3}}]},"2":{"loc":{"start":{"line":160,"column":6},"end":{"line":160,"column":40}},"type":"binary-expr","locations":[{"start":{"line":160,"column":6},"end":{"line":160,"column":21}},{"start":{"line":160,"column":25},"end":{"line":160,"column":40}}]}},"s":{"0":2,"1":94231,"2":2,"3":2,"4":914,"5":914,"6":914,"7":4570,"8":4570,"9":91400,"10":914,"11":2,"12":2,"13":2733,"14":2733,"15":2733,"16":13665,"17":2733,"18":2733,"19":2733,"20":2733,"21":13665,"22":13665,"23":13665,"24":13665,"25":68325,"26":13665,"27":2733,"28":2,"29":2,"30":2732,"31":2,"32":2,"33":2103,"34":2103,"35":2103,"36":133072,"37":133072,"38":2103,"39":2,"40":2,"41":916,"42":916,"43":916,"44":916,"45":6396,"46":916,"47":2,"48":2,"49":4721,"50":4721,"51":4721,"52":33069,"53":1189,"54":1189,"55":1189,"56":33069,"57":33069,"58":33069,"59":4721,"60":2,"61":2,"62":915,"63":2,"64":913,"65":913,"66":913,"67":2731,"68":913,"69":913,"70":913,"71":913,"72":913,"73":913,"74":2},"f":{"0":94231,"1":914,"2":4570,"3":2733,"4":2732,"5":2103,"6":916,"7":4721,"8":33069,"9":915},"b":{"0":[1189],"1":[2],"2":[915,914]}}
,"C:\\Users\\mathe\\Documents\\Projet Perso\\azul\\src\\game-logic\\ai\\aiPlayer.ts": {"path":"C:\\Users\\mathe\\Documents\\Projet Perso\\azul\\src\\game-logic\\ai\\aiPlayer.ts","statementMap":{"0":{"start":{"line":2,"column":0},"end":{"line":2,"column":79}},"1":{"start":{"line":3,"column":0},"end":{"line":3,"column":57}},"2":{"start":{"line":25,"column":19},"end":{"line":25,"column":44}},"3":{"start":{"line":33,"column":25},"end":{"line":84,"column":1}},"4":{"start":{"line":35,"column":2},"end":{"line":35,"column":21}},"5":{"start":{"line":38,"column":24},"end":{"line":38,"column":54}},"6":{"start":{"line":41,"column":2},"end":{"line":43,"column":3}},"7":{"start":{"line":42,"column":4},"end":{"line":42,"column":48}},"8":{"start":{"line":46,"column":2},"end":{"line":48,"column":3}},"9":{"start":{"line":46,"column":21},"end":{"line":46,"column":34}},"10":{"start":{"line":46,"column":17},"end":{"line":46,"column":21}},"11":{"start":{"line":47,"column":4},"end":{"line":47,"column":59}},"12":{"start":{"line":51,"column":2},"end":{"line":51,"column":50}},"13":{"start":{"line":51,"column":31},"end":{"line":51,"column":49}},"14":{"start":{"line":56,"column":2},"end":{"line":81,"column":3}},"15":{"start":{"line":59,"column":6},"end":{"line":59,"column":63}},"16":{"start":{"line":60,"column":6},"end":{"line":60,"column":12}},"17":{"start":{"line":64,"column":6},"end":{"line":64,"column":63}},"18":{"start":{"line":65,"column":6},"end":{"line":65,"column":12}},"19":{"start":{"line":69,"column":6},"end":{"line":75,"column":7}},"20":{"start":{"line":70,"column":8},"end":{"line":70,"column":40}},"21":{"start":{"line":73,"column":32},"end":{"line":73,"column":97}},"22":{"start":{"line":74,"column":8},"end":{"line":74,"column":67}},"23":{"start":{"line":76,"column":6},"end":{"line":76,"column":12}},"24":{"start":{"line":80,"column":6},"end":{"line":80,"column":63}},"25":{"start":{"line":83,"column":2},"end":{"line":83,"column":22}},"26":{"start":{"line":33,"column":13},"end":{"line":33,"column":25}},"27":{"start":{"line":91,"column":28},"end":{"line":163,"column":1}},"28":{"start":{"line":92,"column":26},"end":{"line":92,"column":28}},"29":{"start":{"line":93,"column":24},"end":{"line":93,"column":85}},"30":{"start":{"line":93,"column":52},"end":{"line":93,"column":85}},"31":{"start":{"line":95,"column":2},"end":{"line":95,"column":35}},"32":{"start":{"line":95,"column":22},"end":{"line":95,"column":35}},"33":{"start":{"line":98,"column":21},"end":{"line":98,"column":53}},"34":{"start":{"line":101,"column":36},"end":{"line":101,"column":66}},"35":{"start":{"line":105,"column":33},"end":{"line":105,"column":43}},"36":{"start":{"line":108,"column":28},"end":{"line":108,"column":29}},"37":{"start":{"line":110,"column":4},"end":{"line":119,"column":5}},"38":{"start":{"line":112,"column":22},"end":{"line":112,"column":71}},"39":{"start":{"line":112,"column":52},"end":{"line":112,"column":71}},"40":{"start":{"line":113,"column":6},"end":{"line":115,"column":7}},"41":{"start":{"line":114,"column":8},"end":{"line":114,"column":80}},"42":{"start":{"line":114,"column":54},"end":{"line":114,"column":72}},"43":{"start":{"line":118,"column":6},"end":{"line":118,"column":81}},"44":{"start":{"line":118,"column":55},"end":{"line":118,"column":73}},"45":{"start":{"line":122,"column":4},"end":{"line":122,"column":null}},"46":{"start":{"line":122,"column":42},"end":{"line":122,"column":null}},"47":{"start":{"line":125,"column":23},"end":{"line":125,"column":33}},"48":{"start":{"line":126,"column":4},"end":{"line":146,"column":5}},"49":{"start":{"line":127,"column":6},"end":{"line":127,"column":62}},"50":{"start":{"line":129,"column":6},"end":{"line":129,"column":27}},"51":{"start":{"line":132,"column":32},"end":{"line":135,"column":8}},"52":{"start":{"line":138,"column":6},"end":{"line":142,"column":7}},"53":{"start":{"line":138,"column":19},"end":{"line":138,"column":20}},"54":{"start":{"line":139,"column":8},"end":{"line":141,"column":9}},"55":{"start":{"line":140,"column":10},"end":{"line":140,"column":34}},"56":{"start":{"line":145,"column":6},"end":{"line":145,"column":60}},"57":{"start":{"line":149,"column":4},"end":{"line":149,"column":29}},"58":{"start":{"line":152,"column":4},"end":{"line":159,"column":5}},"59":{"start":{"line":152,"column":28},"end":{"line":152,"column":43}},"60":{"start":{"line":152,"column":24},"end":{"line":152,"column":28}},"61":{"start":{"line":153,"column":6},"end":{"line":158,"column":9}},"62":{"start":{"line":104,"column":2},"end":{"line":160,"column":null}},"63":{"start":{"line":104,"column":26},"end":{"line":104,"column":36}},"64":{"start":{"line":104,"column":22},"end":{"line":104,"column":26}},"65":{"start":{"line":104,"column":13},"end":{"line":104,"column":26}},"66":{"start":{"line":162,"column":2},"end":{"line":162,"column":15}},"67":{"start":{"line":170,"column":30},"end":{"line":206,"column":1}},"68":{"start":{"line":173,"column":74},"end":{"line":173,"column":76}},"69":{"start":{"line":176,"column":2},"end":{"line":189,"column":3}},"70":{"start":{"line":176,"column":24},"end":{"line":176,"column":33}},"71":{"start":{"line":176,"column":24},"end":{"line":176,"column":43}},"72":{"start":{"line":176,"column":20},"end":{"line":176,"column":24}},"73":{"start":{"line":178,"column":19},"end":{"line":178,"column":39}},"74":{"start":{"line":179,"column":4},"end":{"line":181,"column":5}},"75":{"start":{"line":179,"column":23},"end":{"line":179,"column":30}},"76":{"start":{"line":179,"column":23},"end":{"line":179,"column":36}},"77":{"start":{"line":179,"column":19},"end":{"line":179,"column":23}},"78":{"start":{"line":180,"column":6},"end":{"line":180,"column":29}},"79":{"start":{"line":184,"column":4},"end":{"line":188,"column":5}},"80":{"start":{"line":184,"column":24},"end":{"line":184,"column":29}},"81":{"start":{"line":184,"column":24},"end":{"line":184,"column":42}},"82":{"start":{"line":184,"column":20},"end":{"line":184,"column":24}},"83":{"start":{"line":185,"column":6},"end":{"line":187,"column":7}},"84":{"start":{"line":186,"column":8},"end":{"line":186,"column":58}},"85":{"start":{"line":192,"column":2},"end":{"line":203,"column":3}},"86":{"start":{"line":193,"column":25},"end":{"line":193,"column":45}},"87":{"start":{"line":194,"column":4},"end":{"line":196,"column":5}},"88":{"start":{"line":194,"column":23},"end":{"line":194,"column":32}},"89":{"start":{"line":194,"column":23},"end":{"line":194,"column":39}},"90":{"start":{"line":194,"column":19},"end":{"line":194,"column":23}},"91":{"start":{"line":195,"column":6},"end":{"line":195,"column":35}},"92":{"start":{"line":198,"column":4},"end":{"line":202,"column":5}},"93":{"start":{"line":198,"column":24},"end":{"line":198,"column":29}},"94":{"start":{"line":198,"column":24},"end":{"line":198,"column":48}},"95":{"start":{"line":198,"column":20},"end":{"line":198,"column":24}},"96":{"start":{"line":199,"column":6},"end":{"line":201,"column":7}},"97":{"start":{"line":200,"column":8},"end":{"line":200,"column":52}},"98":{"start":{"line":205,"column":2},"end":{"line":205,"column":20}},"99":{"start":{"line":214,"column":26},"end":{"line":222,"column":1}},"100":{"start":{"line":215,"column":14},"end":{"line":215,"column":15}},"101":{"start":{"line":216,"column":2},"end":{"line":220,"column":3}},"102":{"start":{"line":216,"column":21},"end":{"line":216,"column":26}},"103":{"start":{"line":216,"column":17},"end":{"line":216,"column":21}},"104":{"start":{"line":217,"column":4},"end":{"line":219,"column":5}},"105":{"start":{"line":218,"column":6},"end":{"line":218,"column":14}},"106":{"start":{"line":221,"column":2},"end":{"line":221,"column":15}},"107":{"start":{"line":231,"column":21},"end":{"line":357,"column":1}},"108":{"start":{"line":232,"column":24},"end":{"line":232,"column":85}},"109":{"start":{"line":232,"column":52},"end":{"line":232,"column":85}},"110":{"start":{"line":233,"column":2},"end":{"line":233,"column":35}},"111":{"start":{"line":233,"column":22},"end":{"line":233,"column":35}},"112":{"start":{"line":235,"column":14},"end":{"line":235,"column":15}},"113":{"start":{"line":236,"column":26},"end":{"line":236,"column":27}},"114":{"start":{"line":239,"column":2},"end":{"line":251,"column":3}},"115":{"start":{"line":240,"column":20},"end":{"line":240,"column":74}},"116":{"start":{"line":240,"column":50},"end":{"line":240,"column":74}},"117":{"start":{"line":241,"column":4},"end":{"line":243,"column":5}},"118":{"start":{"line":242,"column":6},"end":{"line":242,"column":71}},"119":{"start":{"line":245,"column":4},"end":{"line":245,"column":72}},"120":{"start":{"line":248,"column":4},"end":{"line":250,"column":5}},"121":{"start":{"line":249,"column":6},"end":{"line":249,"column":17}},"122":{"start":{"line":254,"column":2},"end":{"line":254,"column":29}},"123":{"start":{"line":257,"column":2},"end":{"line":354,"column":3}},"124":{"start":{"line":258,"column":27},"end":{"line":258,"column":55}},"125":{"start":{"line":259,"column":29},"end":{"line":259,"column":85}},"126":{"start":{"line":262,"column":18},"end":{"line":262,"column":19}},"127":{"start":{"line":263,"column":4},"end":{"line":265,"column":5}},"128":{"start":{"line":263,"column":17},"end":{"line":263,"column":53}},"129":{"start":{"line":264,"column":6},"end":{"line":264,"column":35}},"130":{"start":{"line":267,"column":4},"end":{"line":267,"column":21}},"131":{"start":{"line":270,"column":30},"end":{"line":273,"column":6}},"132":{"start":{"line":276,"column":4},"end":{"line":278,"column":5}},"133":{"start":{"line":277,"column":6},"end":{"line":277,"column":17}},"134":{"start":{"line":280,"column":24},"end":{"line":280,"column":79}},"135":{"start":{"line":283,"column":26},"end":{"line":283,"column":92}},"136":{"start":{"line":285,"column":4},"end":{"line":353,"column":5}},"137":{"start":{"line":287,"column":22},"end":{"line":287,"column":69}},"138":{"start":{"line":288,"column":22},"end":{"line":288,"column":76}},"139":{"start":{"line":288,"column":49},"end":{"line":288,"column":76}},"140":{"start":{"line":291,"column":6},"end":{"line":335,"column":7}},"141":{"start":{"line":293,"column":25},"end":{"line":293,"column":62}},"142":{"start":{"line":294,"column":26},"end":{"line":294,"column":34}},"143":{"start":{"line":296,"column":8},"end":{"line":301,"column":9}},"144":{"start":{"line":297,"column":10},"end":{"line":297,"column":53}},"145":{"start":{"line":299,"column":10},"end":{"line":299,"column":103}},"146":{"start":{"line":300,"column":10},"end":{"line":300,"column":51}},"147":{"start":{"line":303,"column":8},"end":{"line":303,"column":32}},"148":{"start":{"line":306,"column":8},"end":{"line":334,"column":9}},"149":{"start":{"line":308,"column":31},"end":{"line":308,"column":75}},"150":{"start":{"line":308,"column":55},"end":{"line":308,"column":68}},"151":{"start":{"line":309,"column":10},"end":{"line":309,"column":38}},"152":{"start":{"line":312,"column":32},"end":{"line":312,"column":33}},"153":{"start":{"line":313,"column":10},"end":{"line":317,"column":11}},"154":{"start":{"line":313,"column":25},"end":{"line":313,"column":26}},"155":{"start":{"line":314,"column":12},"end":{"line":316,"column":13}},"156":{"start":{"line":315,"column":14},"end":{"line":315,"column":32}},"157":{"start":{"line":318,"column":10},"end":{"line":318,"column":41}},"158":{"start":{"line":321,"column":10},"end":{"line":333,"column":11}},"159":{"start":{"line":323,"column":29},"end":{"line":323,"column":30}},"160":{"start":{"line":324,"column":12},"end":{"line":331,"column":13}},"161":{"start":{"line":324,"column":27},"end":{"line":324,"column":28}},"162":{"start":{"line":325,"column":14},"end":{"line":330,"column":15}},"163":{"start":{"line":325,"column":29},"end":{"line":325,"column":30}},"164":{"start":{"line":326,"column":30},"end":{"line":326,"column":64}},"165":{"start":{"line":327,"column":16},"end":{"line":329,"column":17}},"166":{"start":{"line":328,"column":18},"end":{"line":328,"column":31}},"167":{"start":{"line":332,"column":12},"end":{"line":332,"column":38}},"168":{"start":{"line":338,"column":25},"end":{"line":338,"column":70}},"169":{"start":{"line":339,"column":29},"end":{"line":339,"column":59}},"170":{"start":{"line":342,"column":27},"end":{"line":342,"column":58}},"171":{"start":{"line":344,"column":6},"end":{"line":344,"column":45}},"172":{"start":{"line":347,"column":6},"end":{"line":352,"column":7}},"173":{"start":{"line":349,"column":8},"end":{"line":351,"column":9}},"174":{"start":{"line":350,"column":10},"end":{"line":350,"column":21}},"175":{"start":{"line":356,"column":2},"end":{"line":356,"column":15}},"176":{"start":{"line":367,"column":31},"end":{"line":379,"column":1}},"177":{"start":{"line":369,"column":26},"end":{"line":369,"column":53}},"178":{"start":{"line":370,"column":2},"end":{"line":370,"column":37}},"179":{"start":{"line":373,"column":16},"end":{"line":373,"column":60}},"180":{"start":{"line":376,"column":2},"end":{"line":376,"column":48}},"181":{"start":{"line":378,"column":2},"end":{"line":378,"column":15}},"182":{"start":{"line":387,"column":30},"end":{"line":396,"column":1}},"183":{"start":{"line":388,"column":2},"end":{"line":390,"column":3}},"184":{"start":{"line":389,"column":4},"end":{"line":389,"column":42}},"185":{"start":{"line":392,"column":17},"end":{"line":392,"column":70}},"186":{"start":{"line":394,"column":22},"end":{"line":394,"column":56}},"187":{"start":{"line":395,"column":2},"end":{"line":395,"column":28}}},"fnMap":{"0":{"name":"(anonymous_0)","decl":{"start":{"line":33,"column":25},"end":{"line":33,"column":26}},"loc":{"start":{"line":33,"column":72},"end":{"line":84,"column":1}}},"1":{"name":"(anonymous_1)","decl":{"start":{"line":51,"column":21},"end":{"line":51,"column":22}},"loc":{"start":{"line":51,"column":26},"end":{"line":51,"column":32}}},"2":{"name":"(anonymous_2)","decl":{"start":{"line":91,"column":28},"end":{"line":91,"column":29}},"loc":{"start":{"line":91,"column":49},"end":{"line":163,"column":1}}},"3":{"name":"(anonymous_3)","decl":{"start":{"line":93,"column":47},"end":{"line":93,"column":48}},"loc":{"start":{"line":93,"column":48},"end":{"line":93,"column":53}}},"4":{"name":"(anonymous_5)","decl":{"start":{"line":112,"column":47},"end":{"line":112,"column":48}},"loc":{"start":{"line":112,"column":48},"end":{"line":112,"column":53}}},"5":{"name":"(anonymous_6)","decl":{"start":{"line":114,"column":49},"end":{"line":114,"column":50}},"loc":{"start":{"line":114,"column":50},"end":{"line":114,"column":55}}},"6":{"name":"(anonymous_7)","decl":{"start":{"line":118,"column":50},"end":{"line":118,"column":51}},"loc":{"start":{"line":118,"column":51},"end":{"line":118,"column":56}}},"7":{"name":"(anonymous_8)","decl":{"start":{"line":170,"column":30},"end":{"line":170,"column":null}},"loc":{"start":{"line":171,"column":22},"end":{"line":206,"column":1}}},"8":{"name":"(anonymous_9)","decl":{"start":{"line":214,"column":26},"end":{"line":214,"column":27}},"loc":{"start":{"line":214,"column":58},"end":{"line":222,"column":1}}},"9":{"name":"(anonymous_10)","decl":{"start":{"line":231,"column":21},"end":{"line":231,"column":22}},"loc":{"start":{"line":231,"column":82},"end":{"line":357,"column":1}}},"10":{"name":"(anonymous_11)","decl":{"start":{"line":232,"column":47},"end":{"line":232,"column":48}},"loc":{"start":{"line":232,"column":48},"end":{"line":232,"column":53}}},"11":{"name":"(anonymous_12)","decl":{"start":{"line":240,"column":45},"end":{"line":240,"column":46}},"loc":{"start":{"line":240,"column":46},"end":{"line":240,"column":51}}},"12":{"name":"(anonymous_13)","decl":{"start":{"line":288,"column":40},"end":{"line":288,"column":45}},"loc":{"start":{"line":288,"column":45},"end":{"line":288,"column":54}}},"13":{"name":"(anonymous_14)","decl":{"start":{"line":308,"column":46},"end":{"line":308,"column":51}},"loc":{"start":{"line":308,"column":51},"end":{"line":308,"column":60}}},"14":{"name":"(anonymous_15)","decl":{"start":{"line":367,"column":31},"end":{"line":367,"column":32}},"loc":{"start":{"line":367,"column":68},"end":{"line":379,"column":1}}},"15":{"name":"(anonymous_16)","decl":{"start":{"line":387,"column":30},"end":{"line":387,"column":31}},"loc":{"start":{"line":387,"column":69},"end":{"line":396,"column":1}}}},"branchMap":{"0":{"loc":{"start":{"line":41,"column":2},"end":{"line":43,"column":3}},"type":"if","locations":[{"start":{"line":41,"column":2},"end":{"line":43,"column":3}}]},"1":{"loc":{"start":{"line":56,"column":2},"end":{"line":81,"column":3}},"type":"switch","locations":[{"start":{"line":57,"column":4},"end":{"line":60,"column":12}},{"start":{"line":62,"column":4},"end":{"line":65,"column":12}},{"start":{"line":67,"column":4},"end":{"line":76,"column":12}},{"start":{"line":78,"column":4},"end":{"line":80,"column":63}}]},"2":{"loc":{"start":{"line":69,"column":6},"end":{"line":75,"column":7}},"type":"if","locations":[{"start":{"line":69,"column":6},"end":{"line":75,"column":7}},{"start":{"line":71,"column":13},"end":{"line":75,"column":7}}]},"3":{"loc":{"start":{"line":73,"column":32},"end":{"line":73,"column":97}},"type":"cond-expr","locations":[{"start":{"line":73,"column":59},"end":{"line":73,"column":81}},{"start":{"line":73,"column":84},"end":{"line":73,"column":97}}]},"4":{"loc":{"start":{"line":95,"column":2},"end":{"line":95,"column":35}},"type":"if","locations":[{"start":{"line":95,"column":2},"end":{"line":95,"column":35}}]},"5":{"loc":{"start":{"line":110,"column":4},"end":{"line":119,"column":5}},"type":"if","locations":[{"start":{"line":110,"column":4},"end":{"line":119,"column":5}},{"start":{"line":116,"column":11},"end":{"line":119,"column":5}}]},"6":{"loc":{"start":{"line":113,"column":6},"end":{"line":115,"column":7}},"type":"if","locations":[{"start":{"line":113,"column":6},"end":{"line":115,"column":7}}]},"7":{"loc":{"start":{"line":122,"column":4},"end":{"line":122,"column":null}},"type":"if","locations":[{"start":{"line":122,"column":4},"end":{"line":122,"column":null}}]},"8":{"loc":{"start":{"line":126,"column":4},"end":{"line":146,"column":5}},"type":"if","locations":[{"start":{"line":126,"column":4},"end":{"line":146,"column":5}},{"start":{"line":128,"column":11},"end":{"line":146,"column":5}}]},"9":{"loc":{"start":{"line":139,"column":8},"end":{"line":141,"column":9}},"type":"if","locations":[{"start":{"line":139,"column":8},"end":{"line":141,"column":9}}]},"10":{"loc":{"start":{"line":185,"column":6},"end":{"line":187,"column":7}},"type":"if","locations":[{"start":{"line":185,"column":6},"end":{"line":187,"column":7}}]},"11":{"loc":{"start":{"line":192,"column":2},"end":{"line":203,"column":3}},"type":"if","locations":[{"start":{"line":192,"column":2},"end":{"line":203,"column":3}}]},"12":{"loc":{"start":{"line":199,"column":6},"end":{"line":201,"column":7}},"type":"if","locations":[{"start":{"line":199,"column":6},"end":{"line":201,"column":7}}]},"13":{"loc":{"start":{"line":217,"column":4},"end":{"line":219,"column":5}},"type":"if","locations":[{"start":{"line":217,"column":4},"end":{"line":219,"column":5}}]},"14":{"loc":{"start":{"line":233,"column":2},"end":{"line":233,"column":35}},"type":"if","locations":[{"start":{"line":233,"column":2},"end":{"line":233,"column":35}}]},"15":{"loc":{"start":{"line":239,"column":2},"end":{"line":251,"column":3}},"type":"if","locations":[{"start":{"line":239,"column":2},"end":{"line":251,"column":3}},{"start":{"line":244,"column":9},"end":{"line":251,"column":3}}]},"16":{"loc":{"start":{"line":241,"column":4},"end":{"line":243,"column":5}},"type":"if","locations":[{"start":{"line":241,"column":4},"end":{"line":243,"column":5}}]},"17":{"loc":{"start":{"line":248,"column":4},"end":{"line":250,"column":5}},"type":"if","locations":[{"start":{"line":248,"column":4},"end":{"line":250,"column":5}}]},"18":{"loc":{"start":{"line":248,"column":8},"end":{"line":248,"column":68}},"type":"binary-expr","locations":[{"start":{"line":248,"column":8},"end":{"line":248,"column":43}},{"start":{"line":248,"column":47},"end":{"line":248,"column":68}}]},"19":{"loc":{"start":{"line":257,"column":2},"end":{"line":354,"column":3}},"type":"if","locations":[{"start":{"line":257,"column":2},"end":{"line":354,"column":3}},{"start":{"line":279,"column":9},"end":{"line":354,"column":3}}]},"20":{"loc":{"start":{"line":276,"column":4},"end":{"line":278,"column":5}},"type":"if","locations":[{"start":{"line":276,"column":4},"end":{"line":278,"column":5}}]},"21":{"loc":{"start":{"line":285,"column":4},"end":{"line":353,"column":5}},"type":"if","locations":[{"start":{"line":285,"column":4},"end":{"line":353,"column":5}},{"start":{"line":336,"column":11},"end":{"line":353,"column":5}}]},"22":{"loc":{"start":{"line":291,"column":6},"end":{"line":335,"column":7}},"type":"if","locations":[{"start":{"line":291,"column":6},"end":{"line":335,"column":7}}]},"23":{"loc":{"start":{"line":296,"column":8},"end":{"line":301,"column":9}},"type":"if","locations":[{"start":{"line":296,"column":8},"end":{"line":301,"column":9}},{"start":{"line":298,"column":15},"end":{"line":301,"column":9}}]},"24":{"loc":{"start":{"line":306,"column":8},"end":{"line":334,"column":9}},"type":"if","locations":[{"start":{"line":306,"column":8},"end":{"line":334,"column":9}}]},"25":{"loc":{"start":{"line":306,"column":12},"end":{"line":306,"column":60}},"type":"binary-expr","locations":[{"start":{"line":306,"column":12},"end":{"line":306,"column":35}},{"start":{"line":306,"column":39},"end":{"line":306,"column":60}}]},"26":{"loc":{"start":{"line":314,"column":12},"end":{"line":316,"column":13}},"type":"if","locations":[{"start":{"line":314,"column":12},"end":{"line":316,"column":13}}]},"27":{"loc":{"start":{"line":321,"column":10},"end":{"line":333,"column":11}},"type":"if","locations":[{"start":{"line":321,"column":10},"end":{"line":333,"column":11}}]},"28":{"loc":{"start":{"line":327,"column":16},"end":{"line":329,"column":17}},"type":"if","locations":[{"start":{"line":327,"column":16},"end":{"line":329,"column":17}}]},"29":{"loc":{"start":{"line":327,"column":20},"end":{"line":327,"column":62}},"type":"binary-expr","locations":[{"start":{"line":327,"column":20},"end":{"line":327,"column":46}},{"start":{"line":327,"column":50},"end":{"line":327,"column":62}}]},"30":{"loc":{"start":{"line":347,"column":6},"end":{"line":352,"column":7}},"type":"if","locations":[{"start":{"line":347,"column":6},"end":{"line":352,"column":7}}]},"31":{"loc":{"start":{"line":349,"column":8},"end":{"line":351,"column":9}},"type":"if","locations":[{"start":{"line":349,"column":8},"end":{"line":351,"column":9}}]},"32":{"loc":{"start":{"line":388,"column":2},"end":{"line":390,"column":3}},"type":"if","locations":[{"start":{"line":388,"column":2},"end":{"line":390,"column":3}}]}},"s":{"0":2,"1":2,"2":2,"3":2,"4":62155,"5":62155,"6":62155,"7":1,"8":62154,"9":124308,"10":2953148,"11":2953148,"12":62154,"13":13415778,"14":62154,"15":21874,"16":21874,"17":20136,"18":20136,"19":20144,"20":18122,"21":2022,"22":2022,"23":20144,"24":0,"25":62154,"26":2,"27":2,"28":62155,"29":62155,"30":128338,"31":62155,"32":0,"33":62155,"34":62155,"35":1313836,"36":656918,"37":656918,"38":481914,"39":2201010,"40":481914,"41":481914,"42":1914014,"43":175004,"44":1422625,"45":656918,"46":0,"47":656918,"48":656918,"49":400272,"50":256646,"51":256646,"52":256646,"53":256646,"54":1283230,"55":513381,"56":256646,"57":656918,"58":656918,"59":1313836,"60":2953148,"61":2953148,"62":62155,"63":124310,"64":656918,"65":656918,"66":62155,"67":2,"68":62155,"69":62155,"70":62155,"71":62155,"72":453733,"73":453733,"74":453733,"75":453733,"76":453733,"77":642264,"78":642264,"79":453733,"80":453733,"81":453733,"82":481914,"83":481914,"84":481914,"85":62155,"86":57031,"87":57031,"88":57031,"89":57031,"90":391503,"91":391503,"92":57031,"93":57031,"94":57031,"95":175004,"96":175004,"97":175004,"98":62155,"99":2,"100":2953148,"101":2953148,"102":5906296,"103":14590088,"104":14590088,"105":4491706,"106":2953148,"107":2,"108":2953148,"109":6348579,"110":2953148,"111":0,"112":2953148,"113":2953148,"114":2953148,"115":2213653,"116":10965173,"117":2213653,"118":2213653,"119":739495,"120":739495,"121":299346,"122":2953148,"123":2953148,"124":1473345,"125":1473345,"126":1473345,"127":1473345,"128":1473345,"129":2253760,"130":1473345,"131":1473345,"132":1473345,"133":123381,"134":1479803,"135":1479803,"136":1479803,"137":604118,"138":604118,"139":1809341,"140":604118,"141":604118,"142":604118,"143":604118,"144":329147,"145":274971,"146":274971,"147":604118,"148":604118,"149":383800,"150":1919000,"151":383800,"152":383800,"153":383800,"154":383800,"155":1919000,"156":151659,"157":383800,"158":383800,"159":187033,"160":187033,"161":187033,"162":935165,"163":935165,"164":4675825,"165":4675825,"166":74117,"167":187033,"168":875685,"169":875685,"170":875685,"171":875685,"172":875685,"173":575330,"174":575330,"175":2953148,"176":2,"177":274971,"178":274971,"179":274971,"180":274971,"181":274971,"182":2,"183":44032,"184":0,"185":44032,"186":44032,"187":44032},"f":{"0":62155,"1":13415778,"2":62155,"3":128338,"4":2201010,"5":1914014,"6":1422625,"7":62155,"8":2953148,"9":2953148,"10":6348579,"11":10965173,"12":1809341,"13":1919000,"14":274971,"15":44032},"b":{"0":[1],"1":[21874,20136,20144,0],"2":[18122,2022],"3":[1946,76],"4":[0],"5":[481914,175004],"6":[481914],"7":[0],"8":[400272,256646],"9":[513381],"10":[481914],"11":[57031],"12":[175004],"13":[4491706],"14":[0],"15":[2213653,739495],"16":[2213653],"17":[299346],"18":[739495,429563],"19":[1473345,1479803],"20":[123381],"21":[604118,875685],"22":[604118],"23":[329147,274971],"24":[383800],"25":[604118,407351],"26":[151659],"27":[187033],"28":[74117],"29":[4675825,935165],"30":[575330],"31":[575330],"32":[0]}}
}
