TN:
SF:src\game-logic\moves.ts
FN:10,(anonymous_0)
FN:18,(anonymous_1)
FN:22,(anonymous_2)
FN:25,(anonymous_3)
FN:36,(anonymous_4)
FN:43,(anonymous_5)
FN:75,(anonymous_6)
FN:87,(anonymous_7)
FN:90,(anonymous_8)
FN:105,(anonymous_9)
FNF:10
FNH:10
FNDA:16,(anonymous_0)
FNDA:11,(anonymous_1)
FNDA:11,(anonymous_2)
FNDA:6,(anonymous_3)
FNDA:35,(anonymous_4)
FNDA:34,(anonymous_5)
FNDA:116,(anonymous_6)
FNDA:15,(anonymous_7)
FNDA:13,(anonymous_8)
FNDA:45,(anonymous_9)
DA:10,2
DA:12,16
DA:13,1
DA:16,15
DA:18,11
DA:19,11
DA:22,11
DA:25,6
DA:36,2
DA:38,35
DA:39,1
DA:43,34
DA:44,34
DA:47,33
DA:48,1
DA:52,32
DA:53,4
DA:56,28
DA:57,28
DA:60,28
DA:63,27
DA:64,1
DA:68,26
DA:69,2
DA:73,24
DA:74,24
DA:75,116
DA:78,24
DA:87,2
DA:88,15
DA:90,13
DA:91,13
DA:93,11
DA:96,11
DA:97,33
DA:100,33
DA:103,11
DA:104,11
DA:105,45
DA:109,11
DA:110,6
DA:116,5
LF:42
LH:42
BRDA:12,0,0,1
BRDA:16,1,0,11
BRDA:16,1,1,4
BRDA:19,2,0,2
BRDA:38,3,0,1
BRDA:44,4,0,1
BRDA:47,5,0,1
BRDA:52,6,0,4
BRDA:52,7,0,32
BRDA:52,7,1,30
BRDA:60,8,0,1
BRDA:63,9,0,1
BRDA:63,10,0,27
BRDA:63,10,1,4
BRDA:68,11,0,2
BRDA:75,12,0,116
BRDA:75,12,1,24
BRDA:88,13,0,2
BRDA:91,14,0,2
BRDA:100,15,0,11
BRDA:100,16,0,33
BRDA:100,16,1,12
BRDA:100,16,2,2
BRDA:105,17,0,45
BRDA:105,17,1,11
BRDA:109,18,0,6
BRF:26
BRH:26
end_of_record
TN:
SF:src\game-logic\scoring.ts
FN:16,(anonymous_3)
FN:78,(anonymous_4)
FN:85,(anonymous_5)
FN:102,(anonymous_6)
FN:110,(anonymous_7)
FN:117,(anonymous_8)
FN:148,(anonymous_9)
FN:152,(anonymous_10)
FN:179,(anonymous_11)
FN:182,(anonymous_12)
FN:188,(anonymous_13)
FN:195,(anonymous_15)
FN:204,(anonymous_16)
FN:207,(anonymous_17)
FNF:14
FNH:14
FNDA:7,(anonymous_3)
FNDA:8,(anonymous_4)
FNDA:22,(anonymous_5)
FNDA:7,(anonymous_6)
FNDA:35,(anonymous_7)
FNDA:5,(anonymous_8)
FNDA:4,(anonymous_9)
FNDA:5,(anonymous_10)
FNDA:14,(anonymous_11)
FNDA:16,(anonymous_12)
FNDA:164,(anonymous_13)
FNDA:162,(anonymous_15)
FNDA:80,(anonymous_16)
FNDA:2000,(anonymous_17)
DA:7,1
DA:16,1
DA:17,7
DA:18,7
DA:21,7
DA:22,7
DA:23,2
DA:25,5
DA:30,7
DA:31,9
DA:32,2
DA:34,7
DA:39,7
DA:40,6
DA:41,2
DA:43,4
DA:48,7
DA:49,8
DA:50,1
DA:52,7
DA:57,7
DA:58,4
DA:62,3
DA:63,3
DA:64,2
DA:66,3
DA:67,2
DA:70,3
DA:78,1
DA:79,8
DA:80,8
DA:83,8
DA:85,22
DA:88,8
DA:91,8
DA:93,8
DA:102,1
DA:106,7
DA:107,7
DA:108,7
DA:110,7
DA:112,35
DA:113,3
DA:114,3
DA:117,5
DA:119,3
DA:121,3
DA:124,3
DA:127,3
DA:128,3
DA:131,3
DA:132,3
DA:138,7
DA:140,7
DA:148,1
DA:149,4
DA:150,4
DA:152,4
DA:154,5
DA:155,5
DA:156,5
DA:159,5
DA:160,5
DA:162,5
DA:166,4
DA:171,4
DA:179,1
DA:180,14
DA:182,14
DA:183,16
DA:184,16
DA:187,16
DA:188,164
DA:189,15
DA:194,80
DA:195,162
DA:196,12
DA:201,16
DA:202,16
DA:204,16
DA:205,80
DA:207,2000
DA:210,80
DA:211,11
DA:216,16
DA:225,14
LF:86
LH:86
BRDA:22,0,0,2
BRDA:22,0,1,5
BRDA:31,1,0,2
BRDA:31,1,1,7
BRDA:40,2,0,2
BRDA:40,2,1,4
BRDA:49,3,0,1
BRDA:49,3,1,7
BRDA:57,4,0,4
BRDA:57,5,0,7
BRDA:57,5,1,5
BRDA:63,6,0,2
BRDA:66,7,0,2
BRDA:112,8,0,3
BRDA:112,9,0,35
BRDA:112,9,1,3
BRDA:119,10,0,3
BRDA:119,11,0,3
BRDA:119,11,1,3
BRDA:188,12,0,15
BRDA:195,13,0,12
BRDA:207,14,0,2000
BRDA:207,14,1,400
BRDA:210,15,0,11
BRF:24
BRH:24
end_of_record
TN:
SF:src\game-logic\setup.ts
FN:7,(anonymous_1)
FN:15,(anonymous_2)
FN:20,(anonymous_3)
FN:36,(anonymous_4)
FN:81,(anonymous_5)
FN:95,(anonymous_6)
FN:109,(anonymous_7)
FN:128,(anonymous_8)
FN:134,(anonymous_9)
FN:158,(anonymous_10)
FNF:10
FNH:10
FNDA:1531,(anonymous_1)
FNDA:14,(anonymous_2)
FNDA:70,(anonymous_3)
FNDA:33,(anonymous_4)
FNDA:32,(anonymous_5)
FNDA:20,(anonymous_6)
FNDA:16,(anonymous_7)
FNDA:17,(anonymous_8)
FNDA:95,(anonymous_9)
FNDA:15,(anonymous_10)
DA:7,1
DA:8,1531
DA:15,1
DA:16,14
DA:17,14
DA:20,14
DA:21,70
DA:22,1400
DA:29,14
DA:36,1
DA:38,33
DA:39,33
DA:40,165
DA:48,33
DA:49,33
DA:51,33
DA:52,165
DA:54,165
DA:56,165
DA:57,825
DA:64,165
DA:67,33
DA:81,1
DA:82,32
DA:95,1
DA:96,20
DA:97,20
DA:98,1370
DA:99,1370
DA:101,20
DA:109,1
DA:110,16
DA:111,16
DA:113,16
DA:114,96
DA:120,16
DA:128,1
DA:130,17
DA:131,17
DA:134,17
DA:135,95
DA:137,6
DA:138,6
DA:141,6
DA:145,95
DA:146,95
DA:147,95
DA:150,17
DA:158,1
DA:160,15
DA:161,2
DA:165,13
DA:166,13
DA:167,31
DA:171,13
DA:174,13
DA:177,13
DA:180,13
DA:193,13
DA:195,13
LF:60
LH:60
BRDA:135,0,0,6
BRDA:160,1,0,2
BRDA:160,2,0,15
BRDA:160,2,1,14
BRF:4
BRH:4
end_of_record
TN:
SF:src\game-logic\ai\aiPlayer.ts
FN:30,(anonymous_2)
FN:31,(anonymous_3)
FN:55,(anonymous_4)
FN:90,(anonymous_5)
FN:128,(anonymous_6)
FN:165,(anonymous_7)
FN:173,(anonymous_9)
FN:175,(anonymous_10)
FN:184,(anonymous_11)
FN:186,(anonymous_12)
FN:203,(anonymous_13)
FN:205,(anonymous_14)
FN:205,(anonymous_15)
FN:206,(anonymous_16)
FN:216,(anonymous_17)
FN:247,(anonymous_18)
FN:267,(anonymous_19)
FN:300,(anonymous_20)
FN:336,(anonymous_21)
FN:341,(anonymous_22)
FN:346,(anonymous_23)
FN:351,(anonymous_24)
FNF:22
FNH:21
FNDA:6,(anonymous_2)
FNDA:6,(anonymous_3)
FNDA:3,(anonymous_4)
FNDA:2,(anonymous_5)
FNDA:1,(anonymous_6)
FNDA:6,(anonymous_7)
FNDA:13,(anonymous_9)
FNDA:7,(anonymous_10)
FNDA:2,(anonymous_11)
FNDA:2,(anonymous_12)
FNDA:5,(anonymous_13)
FNDA:5,(anonymous_14)
FNDA:11,(anonymous_15)
FNDA:0,(anonymous_16)
FNDA:5,(anonymous_17)
FNDA:13,(anonymous_18)
FNDA:6,(anonymous_19)
FNDA:3,(anonymous_20)
FNDA:3,(anonymous_21)
FNDA:15,(anonymous_22)
FNDA:15,(anonymous_23)
FNDA:75,(anonymous_24)
DA:2,1
DA:30,1
DA:31,6
DA:32,6
DA:33,0
DA:36,6
DA:38,3
DA:40,2
DA:42,1
DA:44,0
DA:55,1
DA:56,3
DA:58,3
DA:59,1
DA:63,2
DA:64,2
DA:65,2
DA:68,2
DA:69,0
DA:76,2
DA:78,2
DA:90,1
DA:91,2
DA:93,2
DA:94,0
DA:97,2
DA:98,2
DA:101,4
DA:102,2
DA:103,2
DA:105,7
DA:106,7
DA:108,7
DA:109,2
DA:110,2
DA:119,2
DA:128,1
DA:129,1
DA:131,1
DA:132,0
DA:135,1
DA:136,1
DA:139,2
DA:140,1
DA:141,1
DA:143,6
DA:144,6
DA:146,6
DA:147,1
DA:148,1
DA:157,1
DA:165,1
DA:166,6
DA:169,6
DA:170,6
DA:173,13
DA:175,6
DA:176,7
DA:177,7
DA:183,6
DA:184,2
DA:186,1
DA:187,2
DA:188,2
DA:193,6
DA:203,1
DA:204,5
DA:205,11
DA:206,0
DA:216,1
DA:217,5
DA:220,5
DA:221,1
DA:224,4
DA:227,4
DA:228,20
DA:229,20
DA:234,4
DA:236,4
DA:247,1
DA:249,13
DA:250,3
DA:253,10
DA:254,10
DA:255,10
DA:258,10
DA:261,10
DA:262,5
DA:265,5
DA:266,3
DA:267,6
DA:269,3
DA:271,3
DA:272,3
DA:275,3
DA:281,10
DA:282,10
DA:286,10
DA:287,5
DA:290,10
DA:300,1
DA:301,3
DA:302,3
DA:303,3
DA:306,3
DA:307,2
DA:308,2
DA:310,3
DA:311,5
DA:312,3
DA:316,3
DA:317,2
DA:318,2
DA:320,3
DA:321,5
DA:322,3
DA:325,3
DA:336,1
DA:337,3
DA:338,3
DA:341,15
DA:342,0
DA:346,15
DA:347,0
DA:351,75
DA:352,3
DA:353,0
DA:356,3
LF:128
LH:119
BRDA:32,0,0,0
BRDA:36,1,0,3
BRDA:36,1,1,2
BRDA:36,1,2,1
BRDA:36,1,3,0
BRDA:58,2,0,1
BRDA:68,3,0,0
BRDA:93,4,0,0
BRDA:108,5,0,2
BRDA:119,6,0,2
BRDA:119,6,1,0
BRDA:131,7,0,0
BRDA:146,8,0,1
BRDA:157,9,0,1
BRDA:157,9,1,0
BRDA:170,10,0,0
BRDA:176,11,0,7
BRDA:183,12,0,1
BRDA:187,13,0,2
BRDA:204,14,0,5
BRDA:204,14,1,0
BRDA:205,15,0,5
BRDA:205,15,1,0
BRDA:205,16,0,0
BRDA:205,16,1,5
BRDA:205,17,0,5
BRDA:205,17,1,5
BRDA:217,18,0,0
BRDA:220,19,0,1
BRDA:228,20,0,20
BRDA:249,21,0,3
BRDA:261,22,0,5
BRDA:265,23,0,3
BRDA:269,24,0,3
BRDA:281,25,0,10
BRDA:286,26,0,5
BRDA:286,27,0,10
BRDA:286,27,1,9
BRDA:307,28,0,0
BRDA:307,28,1,2
BRDA:311,29,0,2
BRDA:311,29,1,3
BRDA:317,30,0,0
BRDA:317,30,1,2
BRDA:321,31,0,2
BRDA:321,31,1,3
BRDA:341,32,0,0
BRDA:346,33,0,0
BRDA:351,34,0,75
BRDA:351,34,1,15
BRDA:352,35,0,0
BRF:51
BRH:34
end_of_record
