TN:
SF:src\game-logic\moves.ts
FN:10,(anonymous_0)
FN:18,(anonymous_1)
FN:22,(anonymous_2)
FN:25,(anonymous_3)
FN:36,(anonymous_4)
FN:43,(anonymous_5)
FN:75,(anonymous_6)
FN:87,(anonymous_7)
FN:90,(anonymous_8)
FN:105,(anonymous_9)
FNF:10
FNH:10
FNDA:656925,(anonymous_0)
FNDA:2201013,(anonymous_1)
FNDA:1072674,(anonymous_2)
FNDA:557331,(anonymous_3)
FNDA:1283245,(anonymous_4)
FNDA:2662754,(anonymous_5)
FNDA:2954235,(anonymous_6)
FNDA:1473355,(anonymous_7)
FNDA:3190087,(anonymous_8)
FNDA:8611153,(anonymous_9)
DA:10,3
DA:12,656925
DA:13,1
DA:16,656924
DA:18,2201013
DA:19,481918
DA:22,1072674
DA:25,557331
DA:36,3
DA:38,1283245
DA:39,1
DA:43,2662754
DA:44,1283244
DA:47,1283243
DA:48,1
DA:52,1283242
DA:53,4
DA:56,1283238
DA:57,1283238
DA:60,1283238
DA:63,1283237
DA:64,604815
DA:68,678422
DA:69,36063
DA:73,642359
DA:74,642359
DA:75,2954235
DA:78,642359
DA:87,3
DA:88,1473355
DA:90,3190087
DA:91,1473353
DA:93,1473351
DA:96,1473351
DA:97,3019367
DA:100,3019367
DA:103,1975289
DA:104,1975289
DA:105,8611153
DA:109,1975289
DA:110,1349966
DA:116,123385
LF:42
LH:42
BRDA:12,0,0,1
BRDA:16,1,0,481918
BRDA:16,1,1,175006
BRDA:19,2,0,2
BRDA:38,3,0,1
BRDA:44,4,0,1
BRDA:47,5,0,1
BRDA:52,6,0,4
BRDA:52,7,0,1283242
BRDA:52,7,1,1283240
BRDA:60,8,0,1
BRDA:63,9,0,604815
BRDA:63,10,0,1283237
BRDA:63,10,1,750589
BRDA:68,11,0,36063
BRDA:75,12,0,2954235
BRDA:75,12,1,642359
BRDA:88,13,0,2
BRDA:91,14,0,2
BRDA:100,15,0,1975289
BRDA:100,16,0,3019367
BRDA:100,16,1,2623431
BRDA:100,16,2,786673
BRDA:105,17,0,8611153
BRDA:105,17,1,1975289
BRDA:109,18,0,1349966
BRF:26
BRH:26
end_of_record
TN:
SF:src\game-logic\scoring.ts
FN:16,(anonymous_3)
FN:78,(anonymous_4)
FN:85,(anonymous_5)
FN:102,(anonymous_6)
FN:110,(anonymous_7)
FN:117,(anonymous_8)
FN:148,(anonymous_9)
FN:152,(anonymous_10)
FN:179,(anonymous_11)
FN:182,(anonymous_12)
FN:188,(anonymous_13)
FN:195,(anonymous_15)
FN:204,(anonymous_16)
FN:207,(anonymous_17)
FNF:14
FNH:14
FNDA:307521,(anonymous_3)
FNDA:14143,(anonymous_4)
FNDA:43578,(anonymous_5)
FNDA:14142,(anonymous_6)
FNDA:70710,(anonymous_7)
FNDA:97783,(anonymous_8)
FNDA:4708,(anonymous_9)
FNDA:14140,(anonymous_10)
FNDA:914,(anonymous_11)
FNDA:2716,(anonymous_12)
FNDA:28810,(anonymous_13)
FNDA:37603,(anonymous_15)
FNDA:13580,(anonymous_16)
FNDA:339500,(anonymous_17)
DA:7,3
DA:16,3
DA:17,307521
DA:18,307521
DA:21,307521
DA:22,299708
DA:23,76823
DA:25,222885
DA:30,307521
DA:31,300257
DA:32,77017
DA:34,223240
DA:39,307521
DA:40,209606
DA:41,52180
DA:43,157426
DA:48,307521
DA:49,318184
DA:50,35786
DA:52,282398
DA:57,307521
DA:58,187046
DA:62,120475
DA:63,120475
DA:64,88238
DA:66,120475
DA:67,64617
DA:70,120475
DA:78,3
DA:79,14143
DA:80,14143
DA:83,14143
DA:85,43578
DA:88,14143
DA:91,14143
DA:93,14143
DA:102,3
DA:106,14142
DA:107,14142
DA:108,14142
DA:110,14142
DA:112,70710
DA:113,32546
DA:114,32546
DA:117,97783
DA:119,32546
DA:121,32546
DA:124,32546
DA:127,32546
DA:128,32546
DA:131,32546
DA:132,32546
DA:138,14142
DA:140,14142
DA:148,3
DA:149,4708
DA:150,4708
DA:152,4708
DA:154,14140
DA:155,14140
DA:156,14140
DA:159,14140
DA:160,14140
DA:162,14140
DA:166,4708
DA:171,4708
DA:179,3
DA:180,914
DA:182,914
DA:183,2716
DA:184,2716
DA:187,2716
DA:188,28810
DA:189,1586
DA:194,13580
DA:195,37603
DA:196,279
DA:201,2716
DA:202,2716
DA:204,2716
DA:205,13580
DA:207,339500
DA:210,13580
DA:211,90
DA:216,2716
DA:225,914
LF:86
LH:86
BRDA:22,0,0,76823
BRDA:22,0,1,222885
BRDA:31,1,0,77017
BRDA:31,1,1,223240
BRDA:40,2,0,52180
BRDA:40,2,1,157426
BRDA:49,3,0,35786
BRDA:49,3,1,282398
BRDA:57,4,0,187046
BRDA:57,5,0,307521
BRDA:57,5,1,219283
BRDA:63,6,0,88238
BRDA:66,7,0,64617
BRDA:112,8,0,32546
BRDA:112,9,0,70710
BRDA:112,9,1,32546
BRDA:119,10,0,32546
BRDA:119,11,0,32546
BRDA:119,11,1,32546
BRDA:188,12,0,1586
BRDA:195,13,0,279
BRDA:207,14,0,339500
BRDA:207,14,1,67900
BRDA:210,15,0,90
BRF:24
BRH:24
end_of_record
TN:
SF:src\game-logic\setup.ts
FN:7,(anonymous_1)
FN:15,(anonymous_2)
FN:20,(anonymous_3)
FN:36,(anonymous_4)
FN:81,(anonymous_5)
FN:95,(anonymous_6)
FN:109,(anonymous_7)
FN:128,(anonymous_8)
FN:134,(anonymous_9)
FN:158,(anonymous_10)
FNF:10
FNH:10
FNDA:94231,(anonymous_1)
FNDA:914,(anonymous_2)
FNDA:4570,(anonymous_3)
FNDA:2733,(anonymous_4)
FNDA:2732,(anonymous_5)
FNDA:2103,(anonymous_6)
FNDA:916,(anonymous_7)
FNDA:4721,(anonymous_8)
FNDA:33069,(anonymous_9)
FNDA:915,(anonymous_10)
DA:7,2
DA:8,94231
DA:15,2
DA:16,914
DA:17,914
DA:20,914
DA:21,4570
DA:22,91400
DA:29,914
DA:36,2
DA:38,2733
DA:39,2733
DA:40,13665
DA:48,2733
DA:49,2733
DA:51,2733
DA:52,13665
DA:54,13665
DA:56,13665
DA:57,68325
DA:64,13665
DA:67,2733
DA:81,2
DA:82,2732
DA:95,2
DA:96,2103
DA:97,2103
DA:98,133072
DA:99,133072
DA:101,2103
DA:109,2
DA:110,916
DA:111,916
DA:113,916
DA:114,6396
DA:120,916
DA:128,2
DA:130,4721
DA:131,4721
DA:134,4721
DA:135,33069
DA:137,1189
DA:138,1189
DA:141,1189
DA:145,33069
DA:146,33069
DA:147,33069
DA:150,4721
DA:158,2
DA:160,915
DA:161,2
DA:165,913
DA:166,913
DA:167,2731
DA:171,913
DA:174,913
DA:177,913
DA:180,913
DA:193,913
DA:195,913
LF:60
LH:60
BRDA:135,0,0,1189
BRDA:160,1,0,2
BRDA:160,2,0,915
BRDA:160,2,1,914
BRF:4
BRH:4
end_of_record
TN:
SF:src\game-logic\ai\aiPlayer.ts
FN:33,(anonymous_0)
FN:51,(anonymous_1)
FN:91,(anonymous_2)
FN:93,(anonymous_3)
FN:112,(anonymous_5)
FN:114,(anonymous_6)
FN:118,(anonymous_7)
FN:170,(anonymous_8)
FN:214,(anonymous_9)
FN:231,(anonymous_10)
FN:232,(anonymous_11)
FN:240,(anonymous_12)
FN:288,(anonymous_13)
FN:308,(anonymous_14)
FN:367,(anonymous_15)
FN:387,(anonymous_16)
FNF:16
FNH:16
FNDA:62155,(anonymous_0)
FNDA:13415778,(anonymous_1)
FNDA:62155,(anonymous_2)
FNDA:128338,(anonymous_3)
FNDA:2201010,(anonymous_5)
FNDA:1914014,(anonymous_6)
FNDA:1422625,(anonymous_7)
FNDA:62155,(anonymous_8)
FNDA:2953148,(anonymous_9)
FNDA:2953148,(anonymous_10)
FNDA:6348579,(anonymous_11)
FNDA:10965173,(anonymous_12)
FNDA:1809341,(anonymous_13)
FNDA:1919000,(anonymous_14)
FNDA:274971,(anonymous_15)
FNDA:44032,(anonymous_16)
DA:2,2
DA:3,2
DA:25,2
DA:33,2
DA:35,62155
DA:38,62155
DA:41,62155
DA:42,1
DA:46,2953148
DA:47,2953148
DA:51,13415778
DA:56,62154
DA:59,21874
DA:60,21874
DA:64,20136
DA:65,20136
DA:69,20144
DA:70,18122
DA:73,2022
DA:74,2022
DA:76,20144
DA:80,0
DA:83,62154
DA:91,2
DA:92,62155
DA:93,128338
DA:95,62155
DA:98,62155
DA:101,62155
DA:104,656918
DA:105,1313836
DA:108,656918
DA:110,656918
DA:112,2201010
DA:113,481914
DA:114,1914014
DA:118,1422625
DA:122,656918
DA:125,656918
DA:126,656918
DA:127,400272
DA:129,256646
DA:132,256646
DA:138,256646
DA:139,1283230
DA:140,513381
DA:145,256646
DA:149,656918
DA:152,2953148
DA:153,2953148
DA:162,62155
DA:170,2
DA:173,62155
DA:176,453733
DA:178,453733
DA:179,642264
DA:180,642264
DA:184,481914
DA:185,481914
DA:186,481914
DA:192,62155
DA:193,57031
DA:194,391503
DA:195,391503
DA:198,175004
DA:199,175004
DA:200,175004
DA:205,62155
DA:214,2
DA:215,2953148
DA:216,14590088
DA:217,14590088
DA:218,4491706
DA:221,2953148
DA:231,2
DA:232,6348579
DA:233,2953148
DA:235,2953148
DA:236,2953148
DA:239,2953148
DA:240,10965173
DA:241,2213653
DA:242,2213653
DA:245,739495
DA:248,739495
DA:249,299346
DA:254,2953148
DA:257,2953148
DA:258,1473345
DA:259,1473345
DA:262,1473345
DA:263,1473345
DA:264,2253760
DA:267,1473345
DA:270,1473345
DA:276,1473345
DA:277,123381
DA:280,1479803
DA:283,1479803
DA:285,1479803
DA:287,604118
DA:288,1809341
DA:291,604118
DA:293,604118
DA:294,604118
DA:296,604118
DA:297,329147
DA:299,274971
DA:300,274971
DA:303,604118
DA:306,604118
DA:308,1919000
DA:309,383800
DA:312,383800
DA:313,383800
DA:314,1919000
DA:315,151659
DA:318,383800
DA:321,383800
DA:323,187033
DA:324,187033
DA:325,935165
DA:326,4675825
DA:327,4675825
DA:328,74117
DA:332,187033
DA:338,875685
DA:339,875685
DA:342,875685
DA:344,875685
DA:347,875685
DA:349,575330
DA:350,575330
DA:356,2953148
DA:367,2
DA:369,274971
DA:370,274971
DA:373,274971
DA:376,274971
DA:378,274971
DA:387,2
DA:388,44032
DA:389,0
DA:392,44032
DA:394,44032
DA:395,44032
LF:146
LH:144
BRDA:41,0,0,1
BRDA:56,1,0,21874
BRDA:56,1,1,20136
BRDA:56,1,2,20144
BRDA:56,1,3,0
BRDA:69,2,0,18122
BRDA:69,2,1,2022
BRDA:73,3,0,1946
BRDA:73,3,1,76
BRDA:95,4,0,0
BRDA:110,5,0,481914
BRDA:110,5,1,175004
BRDA:113,6,0,481914
BRDA:122,7,0,0
BRDA:126,8,0,400272
BRDA:126,8,1,256646
BRDA:139,9,0,513381
BRDA:185,10,0,481914
BRDA:192,11,0,57031
BRDA:199,12,0,175004
BRDA:217,13,0,4491706
BRDA:233,14,0,0
BRDA:239,15,0,2213653
BRDA:239,15,1,739495
BRDA:241,16,0,2213653
BRDA:248,17,0,299346
BRDA:248,18,0,739495
BRDA:248,18,1,429563
BRDA:257,19,0,1473345
BRDA:257,19,1,1479803
BRDA:276,20,0,123381
BRDA:285,21,0,604118
BRDA:285,21,1,875685
BRDA:291,22,0,604118
BRDA:296,23,0,329147
BRDA:296,23,1,274971
BRDA:306,24,0,383800
BRDA:306,25,0,604118
BRDA:306,25,1,407351
BRDA:314,26,0,151659
BRDA:321,27,0,187033
BRDA:327,28,0,74117
BRDA:327,29,0,4675825
BRDA:327,29,1,935165
BRDA:347,30,0,575330
BRDA:349,31,0,575330
BRDA:388,32,0,0
BRF:47
BRH:42
end_of_record
